{
  "stats": {
    "suites": 1,
    "tests": 2,
    "passes": 2,
    "pending": 0,
    "failures": 0,
    "start": "2024-02-04T14:01:59.144Z",
    "end": "2024-02-04T14:02:04.505Z",
    "duration": 5361,
    "testsRegistered": 2,
    "passPercent": 100,
    "pendingPercent": 0,
    "other": 0,
    "hasOther": false,
    "skipped": 0,
    "hasSkipped": false
  },
  "results": [
    {
      "uuid": "cb8b00ab-19bf-429a-aafd-e0d7bd954c4e",
      "title": "",
      "fullFile": "cypress\\e2e\\Chapter 4\\Check Box.cy.js",
      "file": "cypress\\e2e\\Chapter 4\\Check Box.cy.js",
      "beforeHooks": [],
      "afterHooks": [],
      "tests": [],
      "suites": [
        {
          "uuid": "185ba2e6-d480-436e-9632-3de1fc6854eb",
          "title": "Checkbox Tests",
          "fullFile": "",
          "file": "",
          "beforeHooks": [],
          "afterHooks": [],
          "tests": [
            {
              "title": "should check and uncheck a checkbox",
              "fullTitle": "Checkbox Tests should check and uncheck a checkbox",
              "timedOut": null,
              "duration": 1416,
              "state": "passed",
              "speed": "fast",
              "pass": true,
              "fail": false,
              "pending": false,
              "context": "{\n  \"title\": \"cypress-mochawesome-reporter-videos-passed\",\n  \"value\": \"cypress\\\\e2e\\\\Chapter 4\\\\Check Box.cy.js\"\n}",
              "code": "cy.visit(\"https://html-element-for-testing.onrender.com/Check_Box.html\");\ncy.get('#gridCheck1').check();\ncy.get('#gridCheck2').should('be.checked');\ncy.get('#gridCheck3').uncheck();\ncy.get('#gridCheck4').should('be.checked');",
              "err": {},
              "uuid": "b4be2d4a-36b2-460b-b8e4-e8cb973db8fe",
              "parentUUID": "185ba2e6-d480-436e-9632-3de1fc6854eb",
              "isHook": false,
              "skipped": false
            },
            {
              "title": "should check multiple checkboxes",
              "fullTitle": "Checkbox Tests should check multiple checkboxes",
              "timedOut": null,
              "duration": 1645,
              "state": "passed",
              "speed": "fast",
              "pass": true,
              "fail": false,
              "pending": false,
              "context": "{\n  \"title\": \"cypress-mochawesome-reporter-videos-passed\",\n  \"value\": \"cypress\\\\e2e\\\\Chapter 4\\\\Check Box.cy.js\"\n}",
              "code": "cy.visit(\"https://html-element-for-testing.onrender.com/Check_Box.html\");\ncy.get('.form-check-input').check({\n  multiple: true\n});\ncy.get('.form-check-input').each($checkbox => {\n  cy.wrap($checkbox).should('be.checked');\n});",
              "err": {},
              "uuid": "d2fab9a2-4474-4eca-b53e-9853e2aad100",
              "parentUUID": "185ba2e6-d480-436e-9632-3de1fc6854eb",
              "isHook": false,
              "skipped": false
            }
          ],
          "suites": [],
          "passes": [
            "b4be2d4a-36b2-460b-b8e4-e8cb973db8fe",
            "d2fab9a2-4474-4eca-b53e-9853e2aad100"
          ],
          "failures": [],
          "pending": [],
          "skipped": [],
          "duration": 3061,
          "root": false,
          "rootEmpty": false,
          "_timeout": 2000
        }
      ],
      "passes": [],
      "failures": [],
      "pending": [],
      "skipped": [],
      "duration": 0,
      "root": true,
      "rootEmpty": true,
      "_timeout": 2000
    }
  ],
  "meta": {
    "mocha": {
      "version": "7.0.1"
    },
    "mochawesome": {
      "options": {
        "quiet": false,
        "reportFilename": "mochawesome",
        "saveHtml": false,
        "saveJson": true,
        "consoleReporter": "spec",
        "useInlineDiffs": false,
        "code": true
      },
      "version": "7.1.3"
    },
    "marge": {
      "options": {
        "overwrite": false,
        "html": false,
        "json": true,
        "reportDir": "cypress\\reports\\html\\.jsons"
      },
      "version": "6.2.0"
    }
  }
}