{
  "stats": {
    "suites": 2,
    "tests": 10,
    "passes": 10,
    "pending": 0,
    "failures": 0,
    "start": "2024-02-04T14:08:06.518Z",
    "end": "2024-02-04T14:08:07.059Z",
    "duration": 541,
    "testsRegistered": 10,
    "passPercent": 100,
    "pendingPercent": 0,
    "other": 0,
    "hasOther": false,
    "skipped": 0,
    "hasSkipped": false
  },
  "results": [
    {
      "uuid": "14e4cc3b-23da-48b9-a121-c04f94cdf87a",
      "title": "",
      "fullFile": "cypress\\e2e\\Chapter 2\\describe_it_block.cy.js",
      "file": "cypress\\e2e\\Chapter 2\\describe_it_block.cy.js",
      "beforeHooks": [],
      "afterHooks": [],
      "tests": [],
      "suites": [
        {
          "uuid": "6ec55273-4195-4d74-8417-b0f8d428b9a7",
          "title": "Test Suite 1",
          "fullFile": "",
          "file": "",
          "beforeHooks": [],
          "afterHooks": [],
          "tests": [
            {
              "title": "Test case 1",
              "fullTitle": "Test Suite 1 Test case 1",
              "timedOut": null,
              "duration": 30,
              "state": "passed",
              "speed": "fast",
              "pass": true,
              "fail": false,
              "pending": false,
              "context": "{\n  \"title\": \"cypress-mochawesome-reporter-videos-passed\",\n  \"value\": \"cypress\\\\e2e\\\\Chapter 2\\\\describe_it_block.cy.js\"\n}",
              "code": "// Testp Steps\n// 1. Visiting page\n// 2. selecting (find) search box\n// 3. intracting with element for type on search box\n// 4. assertion.",
              "err": {},
              "uuid": "b0e5f21b-9196-42b4-a164-82d699ca493d",
              "parentUUID": "6ec55273-4195-4d74-8417-b0f8d428b9a7",
              "isHook": false,
              "skipped": false
            },
            {
              "title": "Test case 2",
              "fullTitle": "Test Suite 1 Test case 2",
              "timedOut": null,
              "duration": 31,
              "state": "passed",
              "speed": "fast",
              "pass": true,
              "fail": false,
              "pending": false,
              "context": "{\n  \"title\": \"cypress-mochawesome-reporter-videos-passed\",\n  \"value\": \"cypress\\\\e2e\\\\Chapter 2\\\\describe_it_block.cy.js\"\n}",
              "code": "// Testp Steps\n// 1. Visiting page\n// 2. selecting (find) search box\n// 3. intracting with element for type on search box\n// 4. assertion.",
              "err": {},
              "uuid": "18f17bec-9eba-4fd6-81ac-61840dcdae16",
              "parentUUID": "6ec55273-4195-4d74-8417-b0f8d428b9a7",
              "isHook": false,
              "skipped": false
            },
            {
              "title": "Test case 3",
              "fullTitle": "Test Suite 1 Test case 3",
              "timedOut": null,
              "duration": 18,
              "state": "passed",
              "speed": "fast",
              "pass": true,
              "fail": false,
              "pending": false,
              "context": "{\n  \"title\": \"cypress-mochawesome-reporter-videos-passed\",\n  \"value\": \"cypress\\\\e2e\\\\Chapter 2\\\\describe_it_block.cy.js\"\n}",
              "code": "// Testp Steps\n// 1. Visiting page\n// 2. selecting (find) search box\n// 3. intracting with element for type on search box\n// 4. assertion.",
              "err": {},
              "uuid": "09b16bc7-8dc1-40aa-a560-c191944a5f4d",
              "parentUUID": "6ec55273-4195-4d74-8417-b0f8d428b9a7",
              "isHook": false,
              "skipped": false
            },
            {
              "title": "Test case 4",
              "fullTitle": "Test Suite 1 Test case 4",
              "timedOut": null,
              "duration": 19,
              "state": "passed",
              "speed": "fast",
              "pass": true,
              "fail": false,
              "pending": false,
              "context": "{\n  \"title\": \"cypress-mochawesome-reporter-videos-passed\",\n  \"value\": \"cypress\\\\e2e\\\\Chapter 2\\\\describe_it_block.cy.js\"\n}",
              "code": "// Testp Steps\n// 1. Visiting page\n// 2. selecting (find) search box\n// 3. intracting with element for type on search box\n// 4. assertion.",
              "err": {},
              "uuid": "0afc31cd-a932-4ba3-807b-95d76c5ffba4",
              "parentUUID": "6ec55273-4195-4d74-8417-b0f8d428b9a7",
              "isHook": false,
              "skipped": false
            },
            {
              "title": "Test case 5",
              "fullTitle": "Test Suite 1 Test case 5",
              "timedOut": null,
              "duration": 21,
              "state": "passed",
              "speed": "fast",
              "pass": true,
              "fail": false,
              "pending": false,
              "context": "{\n  \"title\": \"cypress-mochawesome-reporter-videos-passed\",\n  \"value\": \"cypress\\\\e2e\\\\Chapter 2\\\\describe_it_block.cy.js\"\n}",
              "code": "// Testp Steps\n// 1. Visiting page\n// 2. selecting (find) search box\n// 3. intracting with element for type on search box\n// 4. assertion.",
              "err": {},
              "uuid": "b9e7ccb8-ae7b-4eaf-ade0-a2399e870d18",
              "parentUUID": "6ec55273-4195-4d74-8417-b0f8d428b9a7",
              "isHook": false,
              "skipped": false
            }
          ],
          "suites": [],
          "passes": [
            "b0e5f21b-9196-42b4-a164-82d699ca493d",
            "18f17bec-9eba-4fd6-81ac-61840dcdae16",
            "09b16bc7-8dc1-40aa-a560-c191944a5f4d",
            "0afc31cd-a932-4ba3-807b-95d76c5ffba4",
            "b9e7ccb8-ae7b-4eaf-ade0-a2399e870d18"
          ],
          "failures": [],
          "pending": [],
          "skipped": [],
          "duration": 119,
          "root": false,
          "rootEmpty": false,
          "_timeout": 2000
        },
        {
          "uuid": "551a6243-ec66-4c31-b005-89239e825376",
          "title": "Test Suite 1",
          "fullFile": "",
          "file": "",
          "beforeHooks": [],
          "afterHooks": [],
          "tests": [
            {
              "title": "Test case 1",
              "fullTitle": "Test Suite 1 Test case 1",
              "timedOut": null,
              "duration": 17,
              "state": "passed",
              "speed": "fast",
              "pass": true,
              "fail": false,
              "pending": false,
              "context": "{\n  \"title\": \"cypress-mochawesome-reporter-videos-passed\",\n  \"value\": \"cypress\\\\e2e\\\\Chapter 2\\\\describe_it_block.cy.js\"\n}",
              "code": "// Testp Steps\n// 1. Visiting page\n// 2. selecting (find) search box\n// 3. intracting with element for type on search box\n// 4. assertion.",
              "err": {},
              "uuid": "61157ca9-3f48-44ef-9163-482421b4d993",
              "parentUUID": "551a6243-ec66-4c31-b005-89239e825376",
              "isHook": false,
              "skipped": false
            },
            {
              "title": "Test case 2",
              "fullTitle": "Test Suite 1 Test case 2",
              "timedOut": null,
              "duration": 16,
              "state": "passed",
              "speed": "fast",
              "pass": true,
              "fail": false,
              "pending": false,
              "context": "{\n  \"title\": \"cypress-mochawesome-reporter-videos-passed\",\n  \"value\": \"cypress\\\\e2e\\\\Chapter 2\\\\describe_it_block.cy.js\"\n}",
              "code": "// Testp Steps\n// 1. Visiting page\n// 2. selecting (find) search box\n// 3. intracting with element for type on search box\n// 4. assertion.",
              "err": {},
              "uuid": "0071df30-475d-41e6-a99f-68fac0fed049",
              "parentUUID": "551a6243-ec66-4c31-b005-89239e825376",
              "isHook": false,
              "skipped": false
            },
            {
              "title": "Test case 3",
              "fullTitle": "Test Suite 1 Test case 3",
              "timedOut": null,
              "duration": 19,
              "state": "passed",
              "speed": "fast",
              "pass": true,
              "fail": false,
              "pending": false,
              "context": "{\n  \"title\": \"cypress-mochawesome-reporter-videos-passed\",\n  \"value\": \"cypress\\\\e2e\\\\Chapter 2\\\\describe_it_block.cy.js\"\n}",
              "code": "// Testp Steps\n// 1. Visiting page\n// 2. selecting (find) search box\n// 3. intracting with element for type on search box\n// 4. assertion.",
              "err": {},
              "uuid": "7b978f78-8226-4c05-a57c-00f3ed96354a",
              "parentUUID": "551a6243-ec66-4c31-b005-89239e825376",
              "isHook": false,
              "skipped": false
            },
            {
              "title": "Test case 4",
              "fullTitle": "Test Suite 1 Test case 4",
              "timedOut": null,
              "duration": 43,
              "state": "passed",
              "speed": "fast",
              "pass": true,
              "fail": false,
              "pending": false,
              "context": "{\n  \"title\": \"cypress-mochawesome-reporter-videos-passed\",\n  \"value\": \"cypress\\\\e2e\\\\Chapter 2\\\\describe_it_block.cy.js\"\n}",
              "code": "// Testp Steps\n// 1. Visiting page\n// 2. selecting (find) search box\n// 3. intracting with element for type on search box\n// 4. assertion.",
              "err": {},
              "uuid": "4f0982e8-ef94-4b81-9fc9-8f8e7f44d513",
              "parentUUID": "551a6243-ec66-4c31-b005-89239e825376",
              "isHook": false,
              "skipped": false
            },
            {
              "title": "Test case 5",
              "fullTitle": "Test Suite 1 Test case 5",
              "timedOut": null,
              "duration": 34,
              "state": "passed",
              "speed": "fast",
              "pass": true,
              "fail": false,
              "pending": false,
              "context": "{\n  \"title\": \"cypress-mochawesome-reporter-videos-passed\",\n  \"value\": \"cypress\\\\e2e\\\\Chapter 2\\\\describe_it_block.cy.js\"\n}",
              "code": "// Testp Steps\n// 1. Visiting page\n// 2. selecting (find) search box\n// 3. intracting with element for type on search box\n// 4. assertion.",
              "err": {},
              "uuid": "5da7252c-f53d-4a47-9763-739f31f47bd9",
              "parentUUID": "551a6243-ec66-4c31-b005-89239e825376",
              "isHook": false,
              "skipped": false
            }
          ],
          "suites": [],
          "passes": [
            "61157ca9-3f48-44ef-9163-482421b4d993",
            "0071df30-475d-41e6-a99f-68fac0fed049",
            "7b978f78-8226-4c05-a57c-00f3ed96354a",
            "4f0982e8-ef94-4b81-9fc9-8f8e7f44d513",
            "5da7252c-f53d-4a47-9763-739f31f47bd9"
          ],
          "failures": [],
          "pending": [],
          "skipped": [],
          "duration": 129,
          "root": false,
          "rootEmpty": false,
          "_timeout": 2000
        }
      ],
      "passes": [],
      "failures": [],
      "pending": [],
      "skipped": [],
      "duration": 0,
      "root": true,
      "rootEmpty": true,
      "_timeout": 2000
    }
  ],
  "meta": {
    "mocha": {
      "version": "7.0.1"
    },
    "mochawesome": {
      "options": {
        "quiet": false,
        "reportFilename": "mochawesome",
        "saveHtml": false,
        "saveJson": true,
        "consoleReporter": "spec",
        "useInlineDiffs": false,
        "code": true
      },
      "version": "7.1.3"
    },
    "marge": {
      "options": {
        "overwrite": false,
        "html": false,
        "json": true,
        "reportDir": "cypress\\reports\\html\\.jsons"
      },
      "version": "6.2.0"
    }
  }
}