{
  "stats": {
    "suites": 2,
    "tests": 5,
    "passes": 3,
    "pending": 7,
    "failures": -5,
    "start": "2024-02-04T14:08:24.863Z",
    "end": "2024-02-04T14:08:25.104Z",
    "duration": 241,
    "testsRegistered": 10,
    "passPercent": 100,
    "pendingPercent": 70,
    "other": 5,
    "hasOther": true,
    "skipped": 0,
    "hasSkipped": false
  },
  "results": [
    {
      "uuid": "6c1dfef3-de97-45ad-9c82-fecadc15c0e2",
      "title": "",
      "fullFile": "cypress\\e2e\\Chapter 2\\using skip.cy.js",
      "file": "cypress\\e2e\\Chapter 2\\using skip.cy.js",
      "beforeHooks": [],
      "afterHooks": [],
      "tests": [],
      "suites": [
        {
          "uuid": "56b60303-53ff-4db4-a140-698a0c6fae55",
          "title": "Test Suite 1",
          "fullFile": "",
          "file": "",
          "beforeHooks": [],
          "afterHooks": [],
          "tests": [
            {
              "title": "Test case 1",
              "fullTitle": "Test Suite 1 Test case 1",
              "timedOut": null,
              "duration": 0,
              "state": "pending",
              "speed": null,
              "pass": false,
              "fail": false,
              "pending": true,
              "context": "{\n  \"title\": \"cypress-mochawesome-reporter-videos-pending\",\n  \"value\": \"cypress\\\\e2e\\\\Chapter 2\\\\using skip.cy.js\"\n}",
              "code": "// Testp Steps\n// 1. Visiting page\n// 2. selecting (find) search box\n// 3. intracting with element for type on search box\n// 4. assertion.",
              "err": {},
              "uuid": "5aa6fa5c-af49-45f7-a2e6-09699e6bed1b",
              "parentUUID": "56b60303-53ff-4db4-a140-698a0c6fae55",
              "isHook": false,
              "skipped": false
            },
            {
              "title": "Test case 2",
              "fullTitle": "Test Suite 1 Test case 2",
              "timedOut": null,
              "duration": 0,
              "state": "pending",
              "speed": null,
              "pass": false,
              "fail": false,
              "pending": true,
              "context": "{\n  \"title\": \"cypress-mochawesome-reporter-videos-pending\",\n  \"value\": \"cypress\\\\e2e\\\\Chapter 2\\\\using skip.cy.js\"\n}",
              "code": "// Testp Steps\n// 1. Visiting page\n// 2. selecting (find) search box\n// 3. intracting with element for type on search box\n// 4. assertion.",
              "err": {},
              "uuid": "f91c4a25-18e9-4ea9-90ba-28b67ffebe15",
              "parentUUID": "56b60303-53ff-4db4-a140-698a0c6fae55",
              "isHook": false,
              "skipped": false
            },
            {
              "title": "Test case 3",
              "fullTitle": "Test Suite 1 Test case 3",
              "timedOut": null,
              "duration": 0,
              "state": "pending",
              "speed": null,
              "pass": false,
              "fail": false,
              "pending": true,
              "context": "{\n  \"title\": \"cypress-mochawesome-reporter-videos-pending\",\n  \"value\": \"cypress\\\\e2e\\\\Chapter 2\\\\using skip.cy.js\"\n}",
              "code": "// Testp Steps\n// 1. Visiting page\n// 2. selecting (find) search box\n// 3. intracting with element for type on search box\n// 4. assertion.",
              "err": {},
              "uuid": "0cd062cd-bd72-4796-806e-04742e7184f6",
              "parentUUID": "56b60303-53ff-4db4-a140-698a0c6fae55",
              "isHook": false,
              "skipped": false
            },
            {
              "title": "Test case 4",
              "fullTitle": "Test Suite 1 Test case 4",
              "timedOut": null,
              "duration": 0,
              "state": "pending",
              "speed": null,
              "pass": false,
              "fail": false,
              "pending": true,
              "context": "{\n  \"title\": \"cypress-mochawesome-reporter-videos-pending\",\n  \"value\": \"cypress\\\\e2e\\\\Chapter 2\\\\using skip.cy.js\"\n}",
              "code": "// Testp Steps\n// 1. Visiting page\n// 2. selecting (find) search box\n// 3. intracting with element for type on search box\n// 4. assertion.",
              "err": {},
              "uuid": "17effeee-0b9c-439d-ab8d-8bc63ae3012f",
              "parentUUID": "56b60303-53ff-4db4-a140-698a0c6fae55",
              "isHook": false,
              "skipped": false
            },
            {
              "title": "Test case 5",
              "fullTitle": "Test Suite 1 Test case 5",
              "timedOut": null,
              "duration": 0,
              "state": "pending",
              "speed": null,
              "pass": false,
              "fail": false,
              "pending": true,
              "context": "{\n  \"title\": \"cypress-mochawesome-reporter-videos-pending\",\n  \"value\": \"cypress\\\\e2e\\\\Chapter 2\\\\using skip.cy.js\"\n}",
              "code": "// Testp Steps\n// 1. Visiting page\n// 2. selecting (find) search box\n// 3. intracting with element for type on search box\n// 4. assertion.",
              "err": {},
              "uuid": "b85f0e11-166c-4fa0-9efe-090c4d64ad67",
              "parentUUID": "56b60303-53ff-4db4-a140-698a0c6fae55",
              "isHook": false,
              "skipped": false
            }
          ],
          "suites": [],
          "passes": [],
          "failures": [],
          "pending": [
            "5aa6fa5c-af49-45f7-a2e6-09699e6bed1b",
            "f91c4a25-18e9-4ea9-90ba-28b67ffebe15",
            "0cd062cd-bd72-4796-806e-04742e7184f6",
            "17effeee-0b9c-439d-ab8d-8bc63ae3012f",
            "b85f0e11-166c-4fa0-9efe-090c4d64ad67"
          ],
          "skipped": [],
          "duration": 0,
          "root": false,
          "rootEmpty": false,
          "_timeout": 2000
        },
        {
          "uuid": "d32605c2-80d0-4e0a-a867-7697ce3df60f",
          "title": "Test Suite 1",
          "fullFile": "",
          "file": "",
          "beforeHooks": [],
          "afterHooks": [],
          "tests": [
            {
              "title": "Test case 1",
              "fullTitle": "Test Suite 1 Test case 1",
              "timedOut": null,
              "duration": 0,
              "state": "pending",
              "speed": null,
              "pass": false,
              "fail": false,
              "pending": true,
              "context": "{\n  \"title\": \"cypress-mochawesome-reporter-videos-pending\",\n  \"value\": \"cypress\\\\e2e\\\\Chapter 2\\\\using skip.cy.js\"\n}",
              "code": "// Testp Steps\n// 1. Visiting page\n// 2. selecting (find) search box\n// 3. intracting with element for type on search box\n// 4. assertion.",
              "err": {},
              "uuid": "4ba3be69-33f0-4d76-a3ae-bcddb847ca26",
              "parentUUID": "d32605c2-80d0-4e0a-a867-7697ce3df60f",
              "isHook": false,
              "skipped": false
            },
            {
              "title": "Test case 2",
              "fullTitle": "Test Suite 1 Test case 2",
              "timedOut": null,
              "duration": 28,
              "state": "passed",
              "speed": "fast",
              "pass": true,
              "fail": false,
              "pending": false,
              "context": "{\n  \"title\": \"cypress-mochawesome-reporter-videos-passed\",\n  \"value\": \"cypress\\\\e2e\\\\Chapter 2\\\\using skip.cy.js\"\n}",
              "code": "// Testp Steps\n// 1. Visiting page\n// 2. selecting (find) search box\n// 3. intracting with element for type on search box\n// 4. assertion.",
              "err": {},
              "uuid": "6cb92c89-ca0d-46fe-b23a-da19b2382318",
              "parentUUID": "d32605c2-80d0-4e0a-a867-7697ce3df60f",
              "isHook": false,
              "skipped": false
            },
            {
              "title": "Test case 3",
              "fullTitle": "Test Suite 1 Test case 3",
              "timedOut": null,
              "duration": 24,
              "state": "passed",
              "speed": "fast",
              "pass": true,
              "fail": false,
              "pending": false,
              "context": "{\n  \"title\": \"cypress-mochawesome-reporter-videos-passed\",\n  \"value\": \"cypress\\\\e2e\\\\Chapter 2\\\\using skip.cy.js\"\n}",
              "code": "// Testp Steps\n// 1. Visiting page\n// 2. selecting (find) search box\n// 3. intracting with element for type on search box\n// 4. assertion.",
              "err": {},
              "uuid": "bd05d01e-a791-48bd-a384-7b954977fa6e",
              "parentUUID": "d32605c2-80d0-4e0a-a867-7697ce3df60f",
              "isHook": false,
              "skipped": false
            },
            {
              "title": "Test case 4",
              "fullTitle": "Test Suite 1 Test case 4",
              "timedOut": null,
              "duration": 15,
              "state": "passed",
              "speed": "fast",
              "pass": true,
              "fail": false,
              "pending": false,
              "context": "{\n  \"title\": \"cypress-mochawesome-reporter-videos-passed\",\n  \"value\": \"cypress\\\\e2e\\\\Chapter 2\\\\using skip.cy.js\"\n}",
              "code": "// Testp Steps\n// 1. Visiting page\n// 2. selecting (find) search box\n// 3. intracting with element for type on search box\n// 4. assertion.",
              "err": {},
              "uuid": "f7280ac8-4abc-478a-8ece-cdad5d202b83",
              "parentUUID": "d32605c2-80d0-4e0a-a867-7697ce3df60f",
              "isHook": false,
              "skipped": false
            },
            {
              "title": "Test case 5",
              "fullTitle": "Test Suite 1 Test case 5",
              "timedOut": null,
              "duration": 0,
              "state": "pending",
              "speed": null,
              "pass": false,
              "fail": false,
              "pending": true,
              "context": "{\n  \"title\": \"cypress-mochawesome-reporter-videos-pending\",\n  \"value\": \"cypress\\\\e2e\\\\Chapter 2\\\\using skip.cy.js\"\n}",
              "code": "// Testp Steps\n// 1. Visiting page\n// 2. selecting (find) search box\n// 3. intracting with element for type on search box\n// 4. assertion.",
              "err": {},
              "uuid": "ed514b4f-9f81-47c4-b31d-8a69b9f60bd2",
              "parentUUID": "d32605c2-80d0-4e0a-a867-7697ce3df60f",
              "isHook": false,
              "skipped": false
            }
          ],
          "suites": [],
          "passes": [
            "6cb92c89-ca0d-46fe-b23a-da19b2382318",
            "bd05d01e-a791-48bd-a384-7b954977fa6e",
            "f7280ac8-4abc-478a-8ece-cdad5d202b83"
          ],
          "failures": [],
          "pending": [
            "4ba3be69-33f0-4d76-a3ae-bcddb847ca26",
            "ed514b4f-9f81-47c4-b31d-8a69b9f60bd2"
          ],
          "skipped": [],
          "duration": 67,
          "root": false,
          "rootEmpty": false,
          "_timeout": 2000
        }
      ],
      "passes": [],
      "failures": [],
      "pending": [],
      "skipped": [],
      "duration": 0,
      "root": true,
      "rootEmpty": true,
      "_timeout": 2000
    }
  ],
  "meta": {
    "mocha": {
      "version": "7.0.1"
    },
    "mochawesome": {
      "options": {
        "quiet": false,
        "reportFilename": "mochawesome",
        "saveHtml": false,
        "saveJson": true,
        "consoleReporter": "spec",
        "useInlineDiffs": false,
        "code": true
      },
      "version": "7.1.3"
    },
    "marge": {
      "options": {
        "overwrite": false,
        "html": false,
        "json": true,
        "reportDir": "cypress\\reports\\html\\.jsons"
      },
      "version": "6.2.0"
    }
  }
}