{
  "stats": {
    "suites": 1,
    "tests": 5,
    "passes": 5,
    "pending": 0,
    "failures": 0,
    "start": "2024-02-04T14:05:40.161Z",
    "end": "2024-02-04T14:06:09.702Z",
    "duration": 29541,
    "testsRegistered": 5,
    "passPercent": 100,
    "pendingPercent": 0,
    "other": 0,
    "hasOther": false,
    "skipped": 0,
    "hasSkipped": false
  },
  "results": [
    {
      "uuid": "97f5ec66-02f2-42ea-855b-3781eea9c9af",
      "title": "",
      "fullFile": "cypress\\e2e\\Chapter 3\\css_selectors.cy.js",
      "file": "cypress\\e2e\\Chapter 3\\css_selectors.cy.js",
      "beforeHooks": [],
      "afterHooks": [],
      "tests": [],
      "suites": [
        {
          "uuid": "bd2fd696-82a6-4d03-96cb-20d229a1f0e3",
          "title": "end-to-end css selector",
          "fullFile": "",
          "file": "",
          "beforeHooks": [],
          "afterHooks": [],
          "tests": [
            {
              "title": "login page",
              "fullTitle": "end-to-end css selector login page",
              "timedOut": null,
              "duration": 1364,
              "state": "passed",
              "speed": "fast",
              "pass": true,
              "fail": false,
              "pending": false,
              "context": "{\n  \"title\": \"cypress-mochawesome-reporter-videos-passed\",\n  \"value\": \"cypress\\\\e2e\\\\Chapter 3\\\\css_selectors.cy.js\"\n}",
              "code": "// visity login page\ncy.visit(\"end-to-end-v1.onrender.com/\");\n// Element on login page\ncy.get(\"#username\"); // username\ncy.get(\"#password\"); // password\ncy.get(\"button\"); // button",
              "err": {},
              "uuid": "7064e58b-945b-4d3a-bdc9-5adebd95e1b3",
              "parentUUID": "bd2fd696-82a6-4d03-96cb-20d229a1f0e3",
              "isHook": false,
              "skipped": false
            },
            {
              "title": "registration page",
              "fullTitle": "end-to-end css selector registration page",
              "timedOut": null,
              "duration": 1347,
              "state": "passed",
              "speed": "fast",
              "pass": true,
              "fail": false,
              "pending": false,
              "context": "{\n  \"title\": \"cypress-mochawesome-reporter-videos-passed\",\n  \"value\": \"cypress\\\\e2e\\\\Chapter 3\\\\css_selectors.cy.js\"\n}",
              "code": "// visity registration\ncy.visit(\"https://end-to-end-v1.onrender.com/registration/\");\n// Element on registration\ncy.get(\"#first_name\"); // First Name\ncy.get(\"#last_name\"); // Last name\ncy.get(\"#username\"); // username\ncy.get(\"#email\"); // email\ncy.get(\"#phone\"); // phone\ncy.get(\"#date_of_birth\"); // dob\ncy.get(\"#address\"); // address\ncy.get(\"#password1\"); // password\ncy.get(\"#confirm-password\"); // confirm passowrd\ncy.get(\"#role\"); // Role\ncy.get(\":nth-child(12) > input\"); // button",
              "err": {},
              "uuid": "50e8f3f8-f790-4441-8943-34a0b58cfd9c",
              "parentUUID": "bd2fd696-82a6-4d03-96cb-20d229a1f0e3",
              "isHook": false,
              "skipped": false
            },
            {
              "title": "home page",
              "fullTitle": "end-to-end css selector home page",
              "timedOut": null,
              "duration": 7036,
              "state": "passed",
              "speed": "medium",
              "pass": true,
              "fail": false,
              "pending": false,
              "context": "{\n  \"title\": \"cypress-mochawesome-reporter-videos-passed\",\n  \"value\": \"cypress\\\\e2e\\\\Chapter 3\\\\css_selectors.cy.js\"\n}",
              "code": "// visity home page\ncy.visit(\"https://end-to-end-v1.onrender.com/home/\");\ncy.get(\"#username\").type(\"testuserq\");\ncy.get(\"#password\").type(\"test\");\ncy.get(\"button\").click();\n// Elementt on home page\ncy.get(\"ul > :nth-child(1) > a\"); //\ncy.get(\".login-btn > a\"); // logout\ncy.get(\"h2\"); // text on home page\ncy.get(\":nth-child(1) > :nth-child(4) > .btn-view\"); // view button\ncy.get(\":nth-child(1) > :nth-child(5) > .btn-update\"); // update button\ncy.get(\":nth-child(1) > :nth-child(6) > .btn-delete\"); // delete button\ncy.get(\"p\"); // footer text\ncy.get(\".link-deco\"); // crafft link",
              "err": {},
              "uuid": "4b677761-2652-4f49-a33b-fb6bc3df4fd7",
              "parentUUID": "bd2fd696-82a6-4d03-96cb-20d229a1f0e3",
              "isHook": false,
              "skipped": false
            },
            {
              "title": "view page",
              "fullTitle": "end-to-end css selector view page",
              "timedOut": null,
              "duration": 9001,
              "state": "passed",
              "speed": "medium",
              "pass": true,
              "fail": false,
              "pending": false,
              "context": "{\n  \"title\": \"cypress-mochawesome-reporter-videos-passed\",\n  \"value\": \"cypress\\\\e2e\\\\Chapter 3\\\\css_selectors.cy.js\"\n}",
              "code": "// visit home page\ncy.visit(\"https://end-to-end-v1.onrender.com/home/\");\n// login to home page\ncy.get(\"#username\").type(\"testuserq\");\ncy.get(\"#password\").type(\"test\");\ncy.get(\"button\").click();\n// click on view button\ncy.get(\":nth-child(1) > :nth-child(4) > .btn-view\").click(); // view button\n// Elemenet on view page\ncy.get(\":nth-child(2) > #username\");\ncy.get(\":nth-child(3) > #username\");\ncy.get(\"#email\");\ncy.get(\"#role\");\ncy.get(\"#dob\");\ncy.get(\"#address\");",
              "err": {},
              "uuid": "c08816d8-2dd5-4f61-a441-f22656777a4b",
              "parentUUID": "bd2fd696-82a6-4d03-96cb-20d229a1f0e3",
              "isHook": false,
              "skipped": false
            },
            {
              "title": "update page",
              "fullTitle": "end-to-end css selector update page",
              "timedOut": null,
              "duration": 7733,
              "state": "passed",
              "speed": "medium",
              "pass": true,
              "fail": false,
              "pending": false,
              "context": "{\n  \"title\": \"cypress-mochawesome-reporter-videos-passed\",\n  \"value\": \"cypress\\\\e2e\\\\Chapter 3\\\\css_selectors.cy.js\"\n}",
              "code": "// visit home page\ncy.visit(\"https://end-to-end-v1.onrender.com/home/\");\n// login to home page\ncy.get(\"#username\").type(\"testuserq\");\ncy.get(\"#password\").type(\"test\");\ncy.get(\"button\").click();\n// click on update button\ncy.get(\":nth-child(1) > :nth-child(5) > .btn-update\").click(); // update button\n// Elemenet on update page\ncy.get(\":nth-child(2) > #username\");\ncy.get(\":nth-child(3) > #username\");\ncy.get(\"#email\");\ncy.get(\"#phone\");\ncy.get(\"#date_of_birth\");\ncy.get(\"#address\");\ncy.get(\"#role\");\ncy.get(\":nth-child(9) > input\");",
              "err": {},
              "uuid": "89eb3cb8-9853-4e18-a30e-f910de8ef054",
              "parentUUID": "bd2fd696-82a6-4d03-96cb-20d229a1f0e3",
              "isHook": false,
              "skipped": false
            }
          ],
          "suites": [],
          "passes": [
            "7064e58b-945b-4d3a-bdc9-5adebd95e1b3",
            "50e8f3f8-f790-4441-8943-34a0b58cfd9c",
            "4b677761-2652-4f49-a33b-fb6bc3df4fd7",
            "c08816d8-2dd5-4f61-a441-f22656777a4b",
            "89eb3cb8-9853-4e18-a30e-f910de8ef054"
          ],
          "failures": [],
          "pending": [],
          "skipped": [],
          "duration": 26481,
          "root": false,
          "rootEmpty": false,
          "_timeout": 2000
        }
      ],
      "passes": [],
      "failures": [],
      "pending": [],
      "skipped": [],
      "duration": 0,
      "root": true,
      "rootEmpty": true,
      "_timeout": 2000
    }
  ],
  "meta": {
    "mocha": {
      "version": "7.0.1"
    },
    "mochawesome": {
      "options": {
        "quiet": false,
        "reportFilename": "mochawesome",
        "saveHtml": false,
        "saveJson": true,
        "consoleReporter": "spec",
        "useInlineDiffs": false,
        "code": true
      },
      "version": "7.1.3"
    },
    "marge": {
      "options": {
        "overwrite": false,
        "html": false,
        "json": true,
        "reportDir": "cypress\\reports\\html\\.jsons"
      },
      "version": "6.2.0"
    }
  }
}