{
  "stats": {
    "suites": 1,
    "tests": 1,
    "passes": 0,
    "pending": 0,
    "failures": 1,
    "start": "2024-02-04T14:04:05.381Z",
    "end": "2024-02-04T14:04:12.453Z",
    "duration": 7072,
    "testsRegistered": 1,
    "passPercent": 0,
    "pendingPercent": 0,
    "other": 0,
    "hasOther": false,
    "skipped": 0,
    "hasSkipped": false
  },
  "results": [
    {
      "uuid": "722f0749-157f-4261-b930-3f73ab7d3c98",
      "title": "",
      "fullFile": "cypress\\e2e\\Chapter 4\\Upload File.cy.js",
      "file": "cypress\\e2e\\Chapter 4\\Upload File.cy.js",
      "beforeHooks": [],
      "afterHooks": [],
      "tests": [],
      "suites": [
        {
          "uuid": "f164a65a-854b-44bf-b215-de804dfb9b97",
          "title": "File Upload Test",
          "fullFile": "",
          "file": "",
          "beforeHooks": [],
          "afterHooks": [],
          "tests": [
            {
              "title": "should upload a file",
              "fullTitle": "File Upload Test should upload a file",
              "timedOut": null,
              "duration": 3381,
              "state": "failed",
              "speed": null,
              "pass": false,
              "fail": true,
              "pending": false,
              "context": "[\n  {\n    \"title\": \"cypress-mochawesome-reporter-videos-failed\",\n    \"value\": \"cypress\\\\e2e\\\\Chapter 4\\\\Upload File.cy.js\"\n  },\n  {\n    \"title\": \"cypress-mochawesome-reporter-screenshots\",\n    \"value\": [\n      [\n        \"\\\\Chapter 4\\\\Upload File.cy.js\\\\File Upload Test -- should upload a file (failed) (2).png\"\n      ]\n    ]\n  }\n]",
              "code": "//Document4.pdf\ncy.visit(\"https://html-element-for-testing.onrender.com/Upload_File.html\");\ncy.xpath(\"//input[@id='formFile']\").attachFile(\"Document4.pdf\");\n//cy.xpath(\"//input[@id='formFile']\").attachFile('example_file.txt')\ncy.xpath(\"//input[@id='submit']\").click();\ncy.xpath(\"//span[@id='fileName']\").should('be.visible').and(\"contain\", 'Document4.pdf');",
              "err": {
                "message": "Error: A fixture file could not be found at any of the following paths:\n\n    > cypress\\fixtures\\Document4.pdf\n    > cypress\\fixtures\\Document4.pdf.[ext]\n\nCypress looked for these file extensions at the provided path:\n\n    > .json, .js, .coffee, .html, .txt, .csv, .png, .jpg, .jpeg, .gif, .tif, .tiff, .zip\n\nProvide a path to an existing fixture file.",
                "estack": "Error: A fixture file could not be found at any of the following paths:\n\n    > cypress\\fixtures\\Document4.pdf\n    > cypress\\fixtures\\Document4.pdf.[ext]\n\nCypress looked for these file extensions at the provided path:\n\n    > .json, .js, .coffee, .html, .txt, .csv, .png, .jpg, .jpeg, .gif, .tif, .tiff, .zip\n\nProvide a path to an existing fixture file.\n    at Object.<anonymous> (<embedded>:4436:121481)\n    at Object.tryCatcher (C:\\Users\\efrem\\AppData\\Local\\Cypress\\Cache\\13.6.2\\Cypress\\resources\\app\\node_modules\\bluebird\\js\\release\\util.js:16:23)\n    at Promise._settlePromiseFromHandler (C:\\Users\\efrem\\AppData\\Local\\Cypress\\Cache\\13.6.2\\Cypress\\resources\\app\\node_modules\\bluebird\\js\\release\\promise.js:512:31)\n    at Promise._settlePromise (C:\\Users\\efrem\\AppData\\Local\\Cypress\\Cache\\13.6.2\\Cypress\\resources\\app\\node_modules\\bluebird\\js\\release\\promise.js:569:18)\n    at Promise._settlePromise0 (C:\\Users\\efrem\\AppData\\Local\\Cypress\\Cache\\13.6.2\\Cypress\\resources\\app\\node_modules\\bluebird\\js\\release\\promise.js:614:10)\n    at Promise._settlePromises (C:\\Users\\efrem\\AppData\\Local\\Cypress\\Cache\\13.6.2\\Cypress\\resources\\app\\node_modules\\bluebird\\js\\release\\promise.js:694:18)\n    at Promise._fulfill (C:\\Users\\efrem\\AppData\\Local\\Cypress\\Cache\\13.6.2\\Cypress\\resources\\app\\node_modules\\bluebird\\js\\release\\promise.js:638:18)\n    at <unknown> (C:\\Users\\efrem\\AppData\\Local\\Cypress\\Cache\\13.6.2\\Cypress\\resources\\app\\node_modules\\bluebird\\js\\release\\nodeback.js:42:21)\n    at s (<embedded>:1832:64795)\n    at E.<anonymous> (<embedded>:4436:111271)\n    at E.emit (node:events:513:28)\n    at E._finish (<embedded>:4436:112138)\n    at d (<embedded>:4436:111534)\n    at E._processSimple2 (<embedded>:4436:117295)\n    at <unknown> (<embedded>:4436:117148)\n    at E._stat2 (<embedded>:4436:118213)\n    at <unknown> (<embedded>:4436:118060)\n    at s (<embedded>:2904:19687)\n    at s (<embedded>:1832:64795)\n    at r (<embedded>:4533:13485)\n    at FSReqCallback.oncomplete (node:fs:208:21)",
                "diff": null
              },
              "uuid": "6ac590d4-38ac-487b-bed8-fd280346209f",
              "parentUUID": "f164a65a-854b-44bf-b215-de804dfb9b97",
              "isHook": false,
              "skipped": false
            }
          ],
          "suites": [],
          "passes": [],
          "failures": [
            "6ac590d4-38ac-487b-bed8-fd280346209f"
          ],
          "pending": [],
          "skipped": [],
          "duration": 3381,
          "root": false,
          "rootEmpty": false,
          "_timeout": 2000
        }
      ],
      "passes": [],
      "failures": [],
      "pending": [],
      "skipped": [],
      "duration": 0,
      "root": true,
      "rootEmpty": true,
      "_timeout": 2000
    }
  ],
  "meta": {
    "mocha": {
      "version": "7.0.1"
    },
    "mochawesome": {
      "options": {
        "quiet": false,
        "reportFilename": "mochawesome",
        "saveHtml": false,
        "saveJson": true,
        "consoleReporter": "spec",
        "useInlineDiffs": false,
        "code": true
      },
      "version": "7.1.3"
    },
    "marge": {
      "options": {
        "overwrite": false,
        "html": false,
        "json": true,
        "reportDir": "cypress\\reports\\html\\.jsons"
      },
      "version": "6.2.0"
    }
  }
}