{
  "stats": {
    "suites": 1,
    "tests": 2,
    "passes": 0,
    "pending": 0,
    "failures": 2,
    "start": "2024-02-04T14:06:12.973Z",
    "end": "2024-02-04T14:06:30.976Z",
    "duration": 18003,
    "testsRegistered": 2,
    "passPercent": 0,
    "pendingPercent": 0,
    "other": 0,
    "hasOther": false,
    "skipped": 0,
    "hasSkipped": false
  },
  "results": [
    {
      "uuid": "aca836d3-6048-42cf-a982-abcb18e0fe42",
      "title": "",
      "fullFile": "cypress\\e2e\\Chapter 3\\explicity assertion.cy.js",
      "file": "cypress\\e2e\\Chapter 3\\explicity assertion.cy.js",
      "beforeHooks": [],
      "afterHooks": [],
      "tests": [],
      "suites": [
        {
          "uuid": "eddb6341-bfdb-4369-a42e-07e5e578fd81",
          "title": "explicity assertion",
          "fullFile": "",
          "file": "",
          "beforeHooks": [],
          "afterHooks": [],
          "tests": [
            {
              "title": "Using expect",
              "fullTitle": "explicity assertion Using expect",
              "timedOut": null,
              "duration": 16809,
              "state": "failed",
              "speed": null,
              "pass": false,
              "fail": true,
              "pending": false,
              "context": "[\n  {\n    \"title\": \"cypress-mochawesome-reporter-videos-failed\",\n    \"value\": \"cypress\\\\e2e\\\\Chapter 3\\\\explicity assertion.cy.js\"\n  },\n  {\n    \"title\": \"cypress-mochawesome-reporter-screenshots\",\n    \"value\": [\n      [\n        \"\\\\Chapter 3\\\\explicity assertion.cy.js\\\\explicity assertion -- Using expect (failed).png\"\n      ]\n    ]\n  }\n]",
              "code": "// visity home page\ncy.visit(\"https://end-to-end-v1.onrender.com/\");\ncy.get(\"#username\").type(\"testuserq\");\ncy.get(\"#password\").type(\"test\");\ncy.get(\"button\").click();\n// 1. positave assertion on URL\ncy.url().then(actual_url => {\n  expect(actual_url).to.equal(\"https://end-to-end-v1.onrender.com/home/\");\n});",
              "err": {
                "message": "CypressError: `cy.visit()` failed trying to load:\n\nhttps://end-to-end-v1.onrender.com/\n\nWe attempted to make an http request to this URL but the request failed without a response.\n\nWe received this error at the network level:\n\n  > Error: connect ECONNABORTED 216.24.57.3:443\n\nCommon situations why this would fail:\n  - you don't have internet access\n  - you forgot to run / boot your web server\n  - your web server isn't accessible\n  - you have weird network configuration settings on your computer",
                "estack": "CypressError: `cy.visit()` failed trying to load:\n\nhttps://end-to-end-v1.onrender.com/\n\nWe attempted to make an http request to this URL but the request failed without a response.\n\nWe received this error at the network level:\n\n  > Error: connect ECONNABORTED 216.24.57.3:443\n\nCommon situations why this would fail:\n  - you don't have internet access\n  - you forgot to run / boot your web server\n  - your web server isn't accessible\n  - you have weird network configuration settings on your computer\n    at <unknown> (http://localhost:58720/__cypress/runner/cypress_runner.js:130947:74)\n    at visitFailedByErr (http://localhost:58720/__cypress/runner/cypress_runner.js:130339:12)\n    at <unknown> (http://localhost:58720/__cypress/runner/cypress_runner.js:130946:11)\n    at tryCatcher (http://localhost:58720/__cypress/runner/cypress_runner.js:1807:23)\n    at Promise._settlePromiseFromHandler (http://localhost:58720/__cypress/runner/cypress_runner.js:1519:31)\n    at Promise._settlePromise (http://localhost:58720/__cypress/runner/cypress_runner.js:1576:18)\n    at Promise._settlePromise0 (http://localhost:58720/__cypress/runner/cypress_runner.js:1621:10)\n    at Promise._settlePromises (http://localhost:58720/__cypress/runner/cypress_runner.js:1697:18)\n    at _drainQueueStep (http://localhost:58720/__cypress/runner/cypress_runner.js:2407:12)\n    at _drainQueue (http://localhost:58720/__cypress/runner/cypress_runner.js:2400:9)\n    at Async._drainQueues (http://localhost:58720/__cypress/runner/cypress_runner.js:2416:5)\n    at Async.drainQueues (http://localhost:58720/__cypress/runner/cypress_runner.js:2286:14)\nFrom Your Spec Code:\n    at Context.eval (webpack://cypress/./cypress/e2e/Chapter 3/explicity assertion.cy.js:4:9)\n\nFrom Node.js Internals:\n  Error: connect ECONNABORTED 216.24.57.3:443\n      at TCPConnectWrap.afterConnect [as oncomplete] (node:net:1494:16)",
                "diff": null
              },
              "uuid": "984c4af1-5539-448f-90a9-d4c07de580a0",
              "parentUUID": "eddb6341-bfdb-4369-a42e-07e5e578fd81",
              "isHook": false,
              "skipped": false
            },
            {
              "title": "Using assert",
              "fullTitle": "explicity assertion Using assert",
              "timedOut": null,
              "duration": 851,
              "state": "failed",
              "speed": null,
              "pass": false,
              "fail": true,
              "pending": false,
              "context": "[\n  {\n    \"title\": \"cypress-mochawesome-reporter-videos-failed\",\n    \"value\": \"cypress\\\\e2e\\\\Chapter 3\\\\explicity assertion.cy.js\"\n  },\n  {\n    \"title\": \"cypress-mochawesome-reporter-screenshots\",\n    \"value\": [\n      [\n        \"\\\\Chapter 3\\\\explicity assertion.cy.js\\\\explicity assertion -- Using assert (failed).png\"\n      ]\n    ]\n  }\n]",
              "code": "// visity home page\ncy.visit(\"https://end-to-end-v1.onrender.com/\");\ncy.get(\"#username\").type(\"testuserq\");\ncy.get(\"#password\").type(\"test\");\ncy.get(\"button\").click();\n// 1. positave assertion on URL\ncy.url().then(actual_url => {\n  assert.equal(actual_url, \"https://end-to-end-v1.onrender.com/home/\");\n});",
              "err": {
                "message": "CypressError: `cy.visit()` failed trying to load:\n\nhttps://end-to-end-v1.onrender.com/\n\nWe attempted to make an http request to this URL but the request failed without a response.\n\nWe received this error at the network level:\n\n  > Error: getaddrinfo ENOTFOUND end-to-end-v1.onrender.com\n\nCommon situations why this would fail:\n  - you don't have internet access\n  - you forgot to run / boot your web server\n  - your web server isn't accessible\n  - you have weird network configuration settings on your computer",
                "estack": "CypressError: `cy.visit()` failed trying to load:\n\nhttps://end-to-end-v1.onrender.com/\n\nWe attempted to make an http request to this URL but the request failed without a response.\n\nWe received this error at the network level:\n\n  > Error: getaddrinfo ENOTFOUND end-to-end-v1.onrender.com\n\nCommon situations why this would fail:\n  - you don't have internet access\n  - you forgot to run / boot your web server\n  - your web server isn't accessible\n  - you have weird network configuration settings on your computer\n    at <unknown> (http://localhost:58720/__cypress/runner/cypress_runner.js:130947:74)\n    at visitFailedByErr (http://localhost:58720/__cypress/runner/cypress_runner.js:130339:12)\n    at <unknown> (http://localhost:58720/__cypress/runner/cypress_runner.js:130946:11)\n    at tryCatcher (http://localhost:58720/__cypress/runner/cypress_runner.js:1807:23)\n    at Promise._settlePromiseFromHandler (http://localhost:58720/__cypress/runner/cypress_runner.js:1519:31)\n    at Promise._settlePromise (http://localhost:58720/__cypress/runner/cypress_runner.js:1576:18)\n    at Promise._settlePromise0 (http://localhost:58720/__cypress/runner/cypress_runner.js:1621:10)\n    at Promise._settlePromises (http://localhost:58720/__cypress/runner/cypress_runner.js:1697:18)\n    at _drainQueueStep (http://localhost:58720/__cypress/runner/cypress_runner.js:2407:12)\n    at _drainQueue (http://localhost:58720/__cypress/runner/cypress_runner.js:2400:9)\n    at Async._drainQueues (http://localhost:58720/__cypress/runner/cypress_runner.js:2416:5)\n    at Async.drainQueues (http://localhost:58720/__cypress/runner/cypress_runner.js:2286:14)\nFrom Your Spec Code:\n    at Context.eval (webpack://cypress/./cypress/e2e/Chapter 3/explicity assertion.cy.js:19:11)\n\nFrom Node.js Internals:\n  Error: getaddrinfo ENOTFOUND end-to-end-v1.onrender.com\n      at GetAddrInfoReqWrap.onlookup [as oncomplete] (node:dns:108:26)",
                "diff": null
              },
              "uuid": "59bc4c50-c9cf-476a-aa8a-4e6afc80d85a",
              "parentUUID": "eddb6341-bfdb-4369-a42e-07e5e578fd81",
              "isHook": false,
              "skipped": false
            }
          ],
          "suites": [],
          "passes": [],
          "failures": [
            "984c4af1-5539-448f-90a9-d4c07de580a0",
            "59bc4c50-c9cf-476a-aa8a-4e6afc80d85a"
          ],
          "pending": [],
          "skipped": [],
          "duration": 17660,
          "root": false,
          "rootEmpty": false,
          "_timeout": 2000
        }
      ],
      "passes": [],
      "failures": [],
      "pending": [],
      "skipped": [],
      "duration": 0,
      "root": true,
      "rootEmpty": true,
      "_timeout": 2000
    }
  ],
  "meta": {
    "mocha": {
      "version": "7.0.1"
    },
    "mochawesome": {
      "options": {
        "quiet": false,
        "reportFilename": "mochawesome",
        "saveHtml": false,
        "saveJson": true,
        "consoleReporter": "spec",
        "useInlineDiffs": false,
        "code": true
      },
      "version": "7.1.3"
    },
    "marge": {
      "options": {
        "overwrite": false,
        "html": false,
        "json": true,
        "reportDir": "cypress\\reports\\html\\.jsons"
      },
      "version": "6.2.0"
    }
  }
}