{
  "stats": {
    "suites": 1,
    "tests": 1,
    "passes": 1,
    "pending": 0,
    "failures": 0,
    "start": "2024-02-04T14:02:55.000Z",
    "end": "2024-02-04T14:03:02.020Z",
    "duration": 7020,
    "testsRegistered": 1,
    "passPercent": 100,
    "pendingPercent": 0,
    "other": 0,
    "hasOther": false,
    "skipped": 0,
    "hasSkipped": false
  },
  "results": [
    {
      "uuid": "ea81ea4c-c638-4a10-8c75-8f913b0639d8",
      "title": "",
      "fullFile": "cypress\\e2e\\Chapter 4\\Select Menu.cy.js",
      "file": "cypress\\e2e\\Chapter 4\\Select Menu.cy.js",
      "beforeHooks": [],
      "afterHooks": [],
      "tests": [],
      "suites": [
        {
          "uuid": "78c1d873-425c-4704-b808-9c7d9a469c00",
          "title": "select menu verifiction",
          "fullFile": "",
          "file": "",
          "beforeHooks": [],
          "afterHooks": [],
          "tests": [
            {
              "title": "Select option Two",
              "fullTitle": "select menu verifiction Select option Two",
              "timedOut": null,
              "duration": 2904,
              "state": "passed",
              "speed": "fast",
              "pass": true,
              "fail": false,
              "pending": false,
              "context": "{\n  \"title\": \"cypress-mochawesome-reporter-videos-passed\",\n  \"value\": \"cypress\\\\e2e\\\\Chapter 4\\\\Select Menu.cy.js\"\n}",
              "code": "cy.visit(\"https://html-element-for-testing.onrender.com/Select_Menu.html\");\ncy.get('#floatingSelect').select(\"Two\").should(\"have.value\", \"2\");",
              "err": {},
              "uuid": "7d466733-01ae-43b3-8028-8bd1ba8f05d7",
              "parentUUID": "78c1d873-425c-4704-b808-9c7d9a469c00",
              "isHook": false,
              "skipped": false
            }
          ],
          "suites": [],
          "passes": [
            "7d466733-01ae-43b3-8028-8bd1ba8f05d7"
          ],
          "failures": [],
          "pending": [],
          "skipped": [],
          "duration": 2904,
          "root": false,
          "rootEmpty": false,
          "_timeout": 2000
        }
      ],
      "passes": [],
      "failures": [],
      "pending": [],
      "skipped": [],
      "duration": 0,
      "root": true,
      "rootEmpty": true,
      "_timeout": 2000
    }
  ],
  "meta": {
    "mocha": {
      "version": "7.0.1"
    },
    "mochawesome": {
      "options": {
        "quiet": false,
        "reportFilename": "mochawesome",
        "saveHtml": false,
        "saveJson": true,
        "consoleReporter": "spec",
        "useInlineDiffs": false,
        "code": true
      },
      "version": "7.1.3"
    },
    "marge": {
      "options": {
        "overwrite": false,
        "html": false,
        "json": true,
        "reportDir": "cypress\\reports\\html\\.jsons"
      },
      "version": "6.2.0"
    }
  }
}