{
  "stats": {
    "suites": 1,
    "tests": 4,
    "passes": 0,
    "pending": 0,
    "failures": 4,
    "start": "2024-02-04T14:05:30.696Z",
    "end": "2024-02-04T14:05:36.389Z",
    "duration": 5693,
    "testsRegistered": 4,
    "passPercent": 0,
    "pendingPercent": 0,
    "other": 0,
    "hasOther": false,
    "skipped": 0,
    "hasSkipped": false
  },
  "results": [
    {
      "uuid": "a352a417-6eee-4523-aa7b-3d2589fc54d9",
      "title": "",
      "fullFile": "cypress\\e2e\\Chapter5\\Page Object Pattern in Cypress .cy.js",
      "file": "cypress\\e2e\\Chapter5\\Page Object Pattern in Cypress .cy.js",
      "beforeHooks": [],
      "afterHooks": [],
      "tests": [],
      "suites": [
        {
          "uuid": "08b1ee06-ed27-4195-a196-efc507a40a14",
          "title": "Testing login functinalty ",
          "fullFile": "",
          "file": "",
          "beforeHooks": [],
          "afterHooks": [],
          "tests": [
            {
              "title": "Verify that a user can successfully log in with valid credentials.",
              "fullTitle": "Testing login functinalty  Verify that a user can successfully log in with valid credentials.",
              "timedOut": null,
              "duration": 1715,
              "state": "failed",
              "speed": null,
              "pass": false,
              "fail": true,
              "pending": false,
              "context": "[\n  {\n    \"title\": \"cypress-mochawesome-reporter-videos-failed\",\n    \"value\": \"cypress\\\\e2e\\\\Chapter5\\\\Page Object Pattern in Cypress .cy.js\"\n  },\n  {\n    \"title\": \"cypress-mochawesome-reporter-screenshots\",\n    \"value\": [\n      [\n        \"\\\\Chapter5\\\\Page Object Pattern in Cypress .cy.js\\\\Testing login functinalty -- Verify that a user can successfully log in with valid credentials (failed) (3).png\"\n      ]\n    ]\n  }\n]",
              "code": "cy.fixture(\"examplelog\").then(data => {\n  const mylogin_data = data.TestCase1;\n  // Using POM\n  _LoginPage.default.username(mylogin_data.username);\n  _LoginPage.default.Password(mylogin_data.password);\n  _LoginPage.default.submit();\n});\n// assertion about URL https://end-to-end-v1.onrender.com/home/.\ncy.url().should(\"eq\", \"https://end-to-end-v1.onrender.com/\");\n// assertion about element in on home page\ncy.get(\"h2\").should(\"exist\");\ncy.get(\"h2\").should(\"be.visible\");\ncy.get(\"h2\").should(\"have.text\", \"Registered Users\");\ncy.get(\"h2\").should(\"exist\").and(\"be.visible\").and(\"have.text\", \"Registered Users\");",
              "err": {
                "message": "Error: A fixture file could not be found at any of the following paths:\n\n    > cypress\\fixtures\\examplelog\n    > cypress\\fixtures\\examplelog.[ext]\n\nCypress looked for these file extensions at the provided path:\n\n    > .json, .js, .coffee, .html, .txt, .csv, .png, .jpg, .jpeg, .gif, .tif, .tiff, .zip\n\nProvide a path to an existing fixture file.",
                "estack": "Error: A fixture file could not be found at any of the following paths:\n\n    > cypress\\fixtures\\examplelog\n    > cypress\\fixtures\\examplelog.[ext]\n\nCypress looked for these file extensions at the provided path:\n\n    > .json, .js, .coffee, .html, .txt, .csv, .png, .jpg, .jpeg, .gif, .tif, .tiff, .zip\n\nProvide a path to an existing fixture file.\n    at Object.<anonymous> (<embedded>:4436:121481)\n    at Object.tryCatcher (C:\\Users\\efrem\\AppData\\Local\\Cypress\\Cache\\13.6.2\\Cypress\\resources\\app\\node_modules\\bluebird\\js\\release\\util.js:16:23)\n    at Promise._settlePromiseFromHandler (C:\\Users\\efrem\\AppData\\Local\\Cypress\\Cache\\13.6.2\\Cypress\\resources\\app\\node_modules\\bluebird\\js\\release\\promise.js:512:31)\n    at Promise._settlePromise (C:\\Users\\efrem\\AppData\\Local\\Cypress\\Cache\\13.6.2\\Cypress\\resources\\app\\node_modules\\bluebird\\js\\release\\promise.js:569:18)\n    at Promise._settlePromise0 (C:\\Users\\efrem\\AppData\\Local\\Cypress\\Cache\\13.6.2\\Cypress\\resources\\app\\node_modules\\bluebird\\js\\release\\promise.js:614:10)\n    at Promise._settlePromises (C:\\Users\\efrem\\AppData\\Local\\Cypress\\Cache\\13.6.2\\Cypress\\resources\\app\\node_modules\\bluebird\\js\\release\\promise.js:694:18)\n    at Promise._fulfill (C:\\Users\\efrem\\AppData\\Local\\Cypress\\Cache\\13.6.2\\Cypress\\resources\\app\\node_modules\\bluebird\\js\\release\\promise.js:638:18)\n    at <unknown> (C:\\Users\\efrem\\AppData\\Local\\Cypress\\Cache\\13.6.2\\Cypress\\resources\\app\\node_modules\\bluebird\\js\\release\\nodeback.js:42:21)\n    at s (<embedded>:1832:64795)\n    at E.<anonymous> (<embedded>:4436:111271)\n    at E.emit (node:events:513:28)\n    at E._finish (<embedded>:4436:112138)\n    at d (<embedded>:4436:111534)\n    at E._processSimple2 (<embedded>:4436:117295)\n    at <unknown> (<embedded>:4436:117148)\n    at E._stat2 (<embedded>:4436:118213)\n    at <unknown> (<embedded>:4436:118060)\n    at s (<embedded>:2904:19687)\n    at s (<embedded>:1832:64795)\n    at r (<embedded>:4533:13485)\n    at FSReqCallback.oncomplete (node:fs:208:21)",
                "diff": null
              },
              "uuid": "625ca35f-77f2-49a9-bbc5-6a293409fc0c",
              "parentUUID": "08b1ee06-ed27-4195-a196-efc507a40a14",
              "isHook": false,
              "skipped": false
            },
            {
              "title": "Verify that the system behaber with an invalid username and valid password.",
              "fullTitle": "Testing login functinalty  Verify that the system behaber with an invalid username and valid password.",
              "timedOut": null,
              "duration": 568,
              "state": "failed",
              "speed": null,
              "pass": false,
              "fail": true,
              "pending": false,
              "context": "[\n  {\n    \"title\": \"cypress-mochawesome-reporter-videos-failed\",\n    \"value\": \"cypress\\\\e2e\\\\Chapter5\\\\Page Object Pattern in Cypress .cy.js\"\n  },\n  {\n    \"title\": \"cypress-mochawesome-reporter-screenshots\",\n    \"value\": [\n      [\n        \"\\\\Chapter5\\\\Page Object Pattern in Cypress .cy.js\\\\Testing login functinalty -- Verify that the system behaber with an invalid username and valid password (failed) (6).png\"\n      ]\n    ]\n  }\n]",
              "code": "// Using Fixuter\ncy.fixture(\"examplelog\").then(data => {\n  const mylogin_data = data.TestCase2;\n  // Using POM\n  _LoginPage.default.username(mylogin_data.username);\n  _LoginPage.default.Password(mylogin_data.password);\n  _LoginPage.default.submit();\n});\n//assertion about error message stating \"Invalid credentials\"\ncy.xpath(\"//li[@class='error']\").should(\"have.text\", \"Invalid credentials\"); //assertion about URL https://end-to-end-v1.onrender.com/.\ncy.url().should(\"eq\", \"https://end-to-end-v1.onrender.com/\");",
              "err": {
                "message": "Error: A fixture file could not be found at any of the following paths:\n\n    > cypress\\fixtures\\examplelog\n    > cypress\\fixtures\\examplelog.[ext]\n\nCypress looked for these file extensions at the provided path:\n\n    > .json, .js, .coffee, .html, .txt, .csv, .png, .jpg, .jpeg, .gif, .tif, .tiff, .zip\n\nProvide a path to an existing fixture file.",
                "estack": "Error: A fixture file could not be found at any of the following paths:\n\n    > cypress\\fixtures\\examplelog\n    > cypress\\fixtures\\examplelog.[ext]\n\nCypress looked for these file extensions at the provided path:\n\n    > .json, .js, .coffee, .html, .txt, .csv, .png, .jpg, .jpeg, .gif, .tif, .tiff, .zip\n\nProvide a path to an existing fixture file.\n    at Object.<anonymous> (<embedded>:4436:121481)\n    at Object.tryCatcher (C:\\Users\\efrem\\AppData\\Local\\Cypress\\Cache\\13.6.2\\Cypress\\resources\\app\\node_modules\\bluebird\\js\\release\\util.js:16:23)\n    at Promise._settlePromiseFromHandler (C:\\Users\\efrem\\AppData\\Local\\Cypress\\Cache\\13.6.2\\Cypress\\resources\\app\\node_modules\\bluebird\\js\\release\\promise.js:512:31)\n    at Promise._settlePromise (C:\\Users\\efrem\\AppData\\Local\\Cypress\\Cache\\13.6.2\\Cypress\\resources\\app\\node_modules\\bluebird\\js\\release\\promise.js:569:18)\n    at Promise._settlePromise0 (C:\\Users\\efrem\\AppData\\Local\\Cypress\\Cache\\13.6.2\\Cypress\\resources\\app\\node_modules\\bluebird\\js\\release\\promise.js:614:10)\n    at Promise._settlePromises (C:\\Users\\efrem\\AppData\\Local\\Cypress\\Cache\\13.6.2\\Cypress\\resources\\app\\node_modules\\bluebird\\js\\release\\promise.js:694:18)\n    at Promise._fulfill (C:\\Users\\efrem\\AppData\\Local\\Cypress\\Cache\\13.6.2\\Cypress\\resources\\app\\node_modules\\bluebird\\js\\release\\promise.js:638:18)\n    at <unknown> (C:\\Users\\efrem\\AppData\\Local\\Cypress\\Cache\\13.6.2\\Cypress\\resources\\app\\node_modules\\bluebird\\js\\release\\nodeback.js:42:21)\n    at s (<embedded>:1832:64795)\n    at E.<anonymous> (<embedded>:4436:111271)\n    at E.emit (node:events:513:28)\n    at E._finish (<embedded>:4436:112138)\n    at d (<embedded>:4436:111534)\n    at E._processSimple2 (<embedded>:4436:117295)\n    at <unknown> (<embedded>:4436:117148)\n    at E._stat2 (<embedded>:4436:118213)\n    at <unknown> (<embedded>:4436:118060)\n    at s (<embedded>:2904:19687)\n    at s (<embedded>:1832:64795)\n    at r (<embedded>:4533:13485)\n    at FSReqCallback.oncomplete (node:fs:208:21)",
                "diff": null
              },
              "uuid": "0519d585-c820-412d-a4bb-6d061be4ba7a",
              "parentUUID": "08b1ee06-ed27-4195-a196-efc507a40a14",
              "isHook": false,
              "skipped": false
            },
            {
              "title": "Verify that the system behaber with an invalid username and valid password.",
              "fullTitle": "Testing login functinalty  Verify that the system behaber with an invalid username and valid password.",
              "timedOut": null,
              "duration": 821,
              "state": "failed",
              "speed": null,
              "pass": false,
              "fail": true,
              "pending": false,
              "context": "[\n  {\n    \"title\": \"cypress-mochawesome-reporter-videos-failed\",\n    \"value\": \"cypress\\\\e2e\\\\Chapter5\\\\Page Object Pattern in Cypress .cy.js\"\n  },\n  {\n    \"title\": \"cypress-mochawesome-reporter-screenshots\",\n    \"value\": [\n      [\n        \"\\\\Chapter5\\\\Page Object Pattern in Cypress .cy.js\\\\Testing login functinalty -- Verify that the system behaber with an invalid username and valid password (failed) (7).png\"\n      ]\n    ]\n  }\n]",
              "code": "// Using Fixuter\ncy.fixture(\"examplelog\").then(data => {\n  const mylogin_data = data.TestCase3;\n  // Using POM\n  _LoginPage.default.username(mylogin_data.username);\n  _LoginPage.default.Password(mylogin_data.password);\n  _LoginPage.default.submit();\n});\n//assertion about error message stating \"Invalid credentials\"\ncy.xpath(\"//li[@class='error']\").should(\"have.text\", \"Invalid credentials\");\n//assertion about URL https://end-to-end-v1.onrender.com/.\ncy.url().should(\"eq\", \"https://end-to-end-v1.onrender.com/\");",
              "err": {
                "message": "Error: A fixture file could not be found at any of the following paths:\n\n    > cypress\\fixtures\\examplelog\n    > cypress\\fixtures\\examplelog.[ext]\n\nCypress looked for these file extensions at the provided path:\n\n    > .json, .js, .coffee, .html, .txt, .csv, .png, .jpg, .jpeg, .gif, .tif, .tiff, .zip\n\nProvide a path to an existing fixture file.",
                "estack": "Error: A fixture file could not be found at any of the following paths:\n\n    > cypress\\fixtures\\examplelog\n    > cypress\\fixtures\\examplelog.[ext]\n\nCypress looked for these file extensions at the provided path:\n\n    > .json, .js, .coffee, .html, .txt, .csv, .png, .jpg, .jpeg, .gif, .tif, .tiff, .zip\n\nProvide a path to an existing fixture file.\n    at Object.<anonymous> (<embedded>:4436:121481)\n    at Object.tryCatcher (C:\\Users\\efrem\\AppData\\Local\\Cypress\\Cache\\13.6.2\\Cypress\\resources\\app\\node_modules\\bluebird\\js\\release\\util.js:16:23)\n    at Promise._settlePromiseFromHandler (C:\\Users\\efrem\\AppData\\Local\\Cypress\\Cache\\13.6.2\\Cypress\\resources\\app\\node_modules\\bluebird\\js\\release\\promise.js:512:31)\n    at Promise._settlePromise (C:\\Users\\efrem\\AppData\\Local\\Cypress\\Cache\\13.6.2\\Cypress\\resources\\app\\node_modules\\bluebird\\js\\release\\promise.js:569:18)\n    at Promise._settlePromise0 (C:\\Users\\efrem\\AppData\\Local\\Cypress\\Cache\\13.6.2\\Cypress\\resources\\app\\node_modules\\bluebird\\js\\release\\promise.js:614:10)\n    at Promise._settlePromises (C:\\Users\\efrem\\AppData\\Local\\Cypress\\Cache\\13.6.2\\Cypress\\resources\\app\\node_modules\\bluebird\\js\\release\\promise.js:694:18)\n    at Promise._fulfill (C:\\Users\\efrem\\AppData\\Local\\Cypress\\Cache\\13.6.2\\Cypress\\resources\\app\\node_modules\\bluebird\\js\\release\\promise.js:638:18)\n    at <unknown> (C:\\Users\\efrem\\AppData\\Local\\Cypress\\Cache\\13.6.2\\Cypress\\resources\\app\\node_modules\\bluebird\\js\\release\\nodeback.js:42:21)\n    at s (<embedded>:1832:64795)\n    at E.<anonymous> (<embedded>:4436:111271)\n    at E.emit (node:events:513:28)\n    at E._finish (<embedded>:4436:112138)\n    at d (<embedded>:4436:111534)\n    at E._processSimple2 (<embedded>:4436:117295)\n    at <unknown> (<embedded>:4436:117148)\n    at E._stat2 (<embedded>:4436:118213)\n    at <unknown> (<embedded>:4436:118060)\n    at s (<embedded>:2904:19687)\n    at s (<embedded>:1832:64795)\n    at r (<embedded>:4533:13485)\n    at FSReqCallback.oncomplete (node:fs:208:21)",
                "diff": null
              },
              "uuid": "d8c9ffa2-9727-4fa1-ac56-9f6f5b3b1ab8",
              "parentUUID": "08b1ee06-ed27-4195-a196-efc507a40a14",
              "isHook": false,
              "skipped": false
            },
            {
              "title": "Verify system handles invalid login credentials with an invalid password.",
              "fullTitle": "Testing login functinalty  Verify system handles invalid login credentials with an invalid password.",
              "timedOut": null,
              "duration": 507,
              "state": "failed",
              "speed": null,
              "pass": false,
              "fail": true,
              "pending": false,
              "context": "[\n  {\n    \"title\": \"cypress-mochawesome-reporter-videos-failed\",\n    \"value\": \"cypress\\\\e2e\\\\Chapter5\\\\Page Object Pattern in Cypress .cy.js\"\n  },\n  {\n    \"title\": \"cypress-mochawesome-reporter-screenshots\",\n    \"value\": [\n      [\n        \"\\\\Chapter5\\\\Page Object Pattern in Cypress .cy.js\\\\Testing login functinalty -- Verify system handles invalid login credentials with an invalid password (failed) (3).png\"\n      ]\n    ]\n  }\n]",
              "code": "// Using Fixuter\ncy.fixture(\"examplelog\").then(data => {\n  const mylogin_data = data.TestCase4;\n  // Using POM\n  _LoginPage.default.username(mylogin_data.username);\n  _LoginPage.default.Password(mylogin_data.password);\n  _LoginPage.default.submit();\n});\n//assertion about error message stating \"Invalid credentials\"\ncy.xpath(\"//li[@class='error']\").should(\"have.text\", \"Invalid credentials\");\n//assertion about URL https://end-to-end-v1.onrender.com/.\ncy.url().should(\"eq\", \"https://end-to-end-v1.onrender.com/\");",
              "err": {
                "message": "Error: A fixture file could not be found at any of the following paths:\n\n    > cypress\\fixtures\\examplelog\n    > cypress\\fixtures\\examplelog.[ext]\n\nCypress looked for these file extensions at the provided path:\n\n    > .json, .js, .coffee, .html, .txt, .csv, .png, .jpg, .jpeg, .gif, .tif, .tiff, .zip\n\nProvide a path to an existing fixture file.",
                "estack": "Error: A fixture file could not be found at any of the following paths:\n\n    > cypress\\fixtures\\examplelog\n    > cypress\\fixtures\\examplelog.[ext]\n\nCypress looked for these file extensions at the provided path:\n\n    > .json, .js, .coffee, .html, .txt, .csv, .png, .jpg, .jpeg, .gif, .tif, .tiff, .zip\n\nProvide a path to an existing fixture file.\n    at Object.<anonymous> (<embedded>:4436:121481)\n    at Object.tryCatcher (C:\\Users\\efrem\\AppData\\Local\\Cypress\\Cache\\13.6.2\\Cypress\\resources\\app\\node_modules\\bluebird\\js\\release\\util.js:16:23)\n    at Promise._settlePromiseFromHandler (C:\\Users\\efrem\\AppData\\Local\\Cypress\\Cache\\13.6.2\\Cypress\\resources\\app\\node_modules\\bluebird\\js\\release\\promise.js:512:31)\n    at Promise._settlePromise (C:\\Users\\efrem\\AppData\\Local\\Cypress\\Cache\\13.6.2\\Cypress\\resources\\app\\node_modules\\bluebird\\js\\release\\promise.js:569:18)\n    at Promise._settlePromise0 (C:\\Users\\efrem\\AppData\\Local\\Cypress\\Cache\\13.6.2\\Cypress\\resources\\app\\node_modules\\bluebird\\js\\release\\promise.js:614:10)\n    at Promise._settlePromises (C:\\Users\\efrem\\AppData\\Local\\Cypress\\Cache\\13.6.2\\Cypress\\resources\\app\\node_modules\\bluebird\\js\\release\\promise.js:694:18)\n    at Promise._fulfill (C:\\Users\\efrem\\AppData\\Local\\Cypress\\Cache\\13.6.2\\Cypress\\resources\\app\\node_modules\\bluebird\\js\\release\\promise.js:638:18)\n    at <unknown> (C:\\Users\\efrem\\AppData\\Local\\Cypress\\Cache\\13.6.2\\Cypress\\resources\\app\\node_modules\\bluebird\\js\\release\\nodeback.js:42:21)\n    at s (<embedded>:1832:64795)\n    at E.<anonymous> (<embedded>:4436:111271)\n    at E.emit (node:events:513:28)\n    at E._finish (<embedded>:4436:112138)\n    at d (<embedded>:4436:111534)\n    at E._processSimple2 (<embedded>:4436:117295)\n    at <unknown> (<embedded>:4436:117148)\n    at E._stat2 (<embedded>:4436:118213)\n    at <unknown> (<embedded>:4436:118060)\n    at s (<embedded>:2904:19687)\n    at s (<embedded>:1832:64795)\n    at r (<embedded>:4533:13485)\n    at FSReqCallback.oncomplete (node:fs:208:21)",
                "diff": null
              },
              "uuid": "f3fe2e9c-1c18-4b03-90b2-a0f9e925d753",
              "parentUUID": "08b1ee06-ed27-4195-a196-efc507a40a14",
              "isHook": false,
              "skipped": false
            }
          ],
          "suites": [],
          "passes": [],
          "failures": [
            "625ca35f-77f2-49a9-bbc5-6a293409fc0c",
            "0519d585-c820-412d-a4bb-6d061be4ba7a",
            "d8c9ffa2-9727-4fa1-ac56-9f6f5b3b1ab8",
            "f3fe2e9c-1c18-4b03-90b2-a0f9e925d753"
          ],
          "pending": [],
          "skipped": [],
          "duration": 3611,
          "root": false,
          "rootEmpty": false,
          "_timeout": 2000
        }
      ],
      "passes": [],
      "failures": [],
      "pending": [],
      "skipped": [],
      "duration": 0,
      "root": true,
      "rootEmpty": true,
      "_timeout": 2000
    }
  ],
  "meta": {
    "mocha": {
      "version": "7.0.1"
    },
    "mochawesome": {
      "options": {
        "quiet": false,
        "reportFilename": "mochawesome",
        "saveHtml": false,
        "saveJson": true,
        "consoleReporter": "spec",
        "useInlineDiffs": false,
        "code": true
      },
      "version": "7.1.3"
    },
    "marge": {
      "options": {
        "overwrite": false,
        "html": false,
        "json": true,
        "reportDir": "cypress\\reports\\html\\.jsons"
      },
      "version": "6.2.0"
    }
  }
}