{
  "stats": {
    "suites": 1,
    "tests": 1,
    "passes": 1,
    "pending": 0,
    "failures": 0,
    "start": "2024-02-04T14:01:38.981Z",
    "end": "2024-02-04T14:01:46.079Z",
    "duration": 7098,
    "testsRegistered": 1,
    "passPercent": 100,
    "pendingPercent": 0,
    "other": 0,
    "hasOther": false,
    "skipped": 0,
    "hasSkipped": false
  },
  "results": [
    {
      "uuid": "4a6870c0-f57e-41b6-bd90-4d9e5b9a8f7f",
      "title": "",
      "fullFile": "cypress\\e2e\\Chapter 4\\Alert.cy.js",
      "file": "cypress\\e2e\\Chapter 4\\Alert.cy.js",
      "beforeHooks": [],
      "afterHooks": [],
      "tests": [],
      "suites": [
        {
          "uuid": "bf48fbbd-35f2-4441-9d89-6f0ad9445b8a",
          "title": "template spec",
          "fullFile": "",
          "file": "",
          "beforeHooks": [],
          "afterHooks": [],
          "tests": [
            {
              "title": "confirmAlert",
              "fullTitle": "template spec confirmAlert",
              "timedOut": null,
              "duration": 3242,
              "state": "passed",
              "speed": "fast",
              "pass": true,
              "fail": false,
              "pending": false,
              "context": "{\n  \"title\": \"cypress-mochawesome-reporter-videos-passed\",\n  \"value\": \"cypress\\\\e2e\\\\Chapter 4\\\\Alert.cy.js\"\n}",
              "code": "// visit website\ncy.visit('https://html-element-for-testing.onrender.com/Alert.html');\n// click on option\ncy.get('#CofirmAlert').click();\ncy.on('window:confirm', text => {\n  expect(text).to.contains('Are you sure you want to proceed?');\n});\ncy.get('#result').should(\"have.text\", \"Ok Clicked\");\n// To click cancle() \ncy.on('window:confirm', () => true);\ncy.get('#result').should('have.text', 'Ok Clicked');",
              "err": {},
              "uuid": "b073d53c-aa23-4a88-b5c4-16e7562aa6f6",
              "parentUUID": "bf48fbbd-35f2-4441-9d89-6f0ad9445b8a",
              "isHook": false,
              "skipped": false
            }
          ],
          "suites": [],
          "passes": [
            "b073d53c-aa23-4a88-b5c4-16e7562aa6f6"
          ],
          "failures": [],
          "pending": [],
          "skipped": [],
          "duration": 3242,
          "root": false,
          "rootEmpty": false,
          "_timeout": 2000
        }
      ],
      "passes": [],
      "failures": [],
      "pending": [],
      "skipped": [],
      "duration": 0,
      "root": true,
      "rootEmpty": true,
      "_timeout": 2000
    }
  ],
  "meta": {
    "mocha": {
      "version": "7.0.1"
    },
    "mochawesome": {
      "options": {
        "quiet": false,
        "reportFilename": "mochawesome",
        "saveHtml": false,
        "saveJson": true,
        "consoleReporter": "spec",
        "useInlineDiffs": false,
        "code": true
      },
      "version": "7.1.3"
    },
    "marge": {
      "options": {
        "overwrite": false,
        "html": false,
        "json": true,
        "reportDir": "cypress\\reports\\html\\.jsons"
      },
      "version": "6.2.0"
    }
  }
}