{
  "stats": {
    "suites": 1,
    "tests": 1,
    "passes": 1,
    "pending": 0,
    "failures": 0,
    "start": "2024-02-04T14:01:50.030Z",
    "end": "2024-02-04T14:01:55.408Z",
    "duration": 5378,
    "testsRegistered": 1,
    "passPercent": 100,
    "pendingPercent": 0,
    "other": 0,
    "hasOther": false,
    "skipped": 0,
    "hasSkipped": false
  },
  "results": [
    {
      "uuid": "3c883e8f-6f2b-4fb8-a1ec-7e02eca2cb20",
      "title": "",
      "fullFile": "cypress\\e2e\\Chapter 4\\Auto Complete.cy.js",
      "file": "cypress\\e2e\\Chapter 4\\Auto Complete.cy.js",
      "beforeHooks": [],
      "afterHooks": [],
      "tests": [],
      "suites": [
        {
          "uuid": "71b21439-a384-495a-8d0c-ff9f0c4b2b02",
          "title": "auto com verifiction",
          "fullFile": "",
          "file": "",
          "beforeHooks": [],
          "afterHooks": [],
          "tests": [
            {
              "title": "using ",
              "fullTitle": "auto com verifiction using ",
              "timedOut": null,
              "duration": 2043,
              "state": "passed",
              "speed": "fast",
              "pass": true,
              "fail": false,
              "pending": false,
              "context": "{\n  \"title\": \"cypress-mochawesome-reporter-videos-passed\",\n  \"value\": \"cypress\\\\e2e\\\\Chapter 4\\\\Auto Complete.cy.js\"\n}",
              "code": "cy.visit(\"https://html-element-for-testing.onrender.com/Auto_Complete.html\");\ncy.xpath(\"//input[@id='autocomplete-input']\").type(\"a\");\ncy.xpath(\"//li[normalize-space()='Apple']\").should(\"contain\", \"Apple\").and(\"have.length\", \"1\");",
              "err": {},
              "uuid": "4448a963-901c-4ccd-b978-bbf4b1a2b38d",
              "parentUUID": "71b21439-a384-495a-8d0c-ff9f0c4b2b02",
              "isHook": false,
              "skipped": false
            }
          ],
          "suites": [],
          "passes": [
            "4448a963-901c-4ccd-b978-bbf4b1a2b38d"
          ],
          "failures": [],
          "pending": [],
          "skipped": [],
          "duration": 2043,
          "root": false,
          "rootEmpty": false,
          "_timeout": 2000
        }
      ],
      "passes": [],
      "failures": [],
      "pending": [],
      "skipped": [],
      "duration": 0,
      "root": true,
      "rootEmpty": true,
      "_timeout": 2000
    }
  ],
  "meta": {
    "mocha": {
      "version": "7.0.1"
    },
    "mochawesome": {
      "options": {
        "quiet": false,
        "reportFilename": "mochawesome",
        "saveHtml": false,
        "saveJson": true,
        "consoleReporter": "spec",
        "useInlineDiffs": false,
        "code": true
      },
      "version": "7.1.3"
    },
    "marge": {
      "options": {
        "overwrite": false,
        "html": false,
        "json": true,
        "reportDir": "cypress\\reports\\html\\.jsons"
      },
      "version": "6.2.0"
    }
  }
}