{
  "stats": {
    "suites": 1,
    "tests": 1,
    "passes": 0,
    "pending": 0,
    "failures": 1,
    "start": "2024-02-04T14:02:30.218Z",
    "end": "2024-02-04T14:02:39.185Z",
    "duration": 8967,
    "testsRegistered": 1,
    "passPercent": 0,
    "pendingPercent": 0,
    "other": 0,
    "hasOther": false,
    "skipped": 0,
    "hasSkipped": false
  },
  "results": [
    {
      "uuid": "b5c2a97a-402f-48a0-b0be-b238fdc7274b",
      "title": "",
      "fullFile": "cypress\\e2e\\Chapter 4\\New Tab.cy.js",
      "file": "cypress\\e2e\\Chapter 4\\New Tab.cy.js",
      "beforeHooks": [],
      "afterHooks": [],
      "tests": [],
      "suites": [
        {
          "uuid": "daad3ae3-4811-43e2-a562-8ba5e005af89",
          "title": "New tab hadlign",
          "fullFile": "",
          "file": "",
          "beforeHooks": [],
          "afterHooks": [],
          "tests": [
            {
              "title": "removing target",
              "fullTitle": "New tab hadlign removing target",
              "timedOut": null,
              "duration": 6311,
              "state": "failed",
              "speed": null,
              "pass": false,
              "fail": true,
              "pending": false,
              "context": "[\n  {\n    \"title\": \"cypress-mochawesome-reporter-videos-failed\",\n    \"value\": \"cypress\\\\e2e\\\\Chapter 4\\\\New Tab.cy.js\"\n  },\n  {\n    \"title\": \"cypress-mochawesome-reporter-screenshots\",\n    \"value\": [\n      [\n        \"\\\\Chapter 4\\\\New Tab.cy.js\\\\New tab hadlign -- removing target (failed) (3).png\"\n      ]\n    ]\n  }\n]",
              "code": "cy.visit('https://html-element-for-testing.onrender.com/New_Tab.html');\ncy.get('#newTab').invoke(\"removeAttr\", \"target\").click();\ncy.url().should('eq', 'https://html-element-for-testing.onrender.com/sample.html');\ncy.get('h3').should('exist').and(\"contain\", \"This is in side frame\");\ncy.go('back');",
              "err": {
                "message": "AssertionError: Timed out retrying after 4000ms: expected 'https://html-element-for-testing.onrender.com/new%20tab%20example.html' to equal 'https://html-element-for-testing.onrender.com/sample.html'",
                "estack": "AssertionError: Timed out retrying after 4000ms: expected 'https://html-element-for-testing.onrender.com/new%20tab%20example.html' to equal 'https://html-element-for-testing.onrender.com/sample.html'\n    at Context.eval (webpack://cypress/./cypress/e2e/Chapter 4/New Tab.cy.js:5:17)",
                "diff": "- 'https://html-element-for-testing.onrender.com/new%20tab%20example.html'\n+ 'https://html-element-for-testing.onrender.com/sample.html'\n"
              },
              "uuid": "3b048d8e-c15d-4723-aaa4-856eced83a13",
              "parentUUID": "daad3ae3-4811-43e2-a562-8ba5e005af89",
              "isHook": false,
              "skipped": false
            }
          ],
          "suites": [],
          "passes": [],
          "failures": [
            "3b048d8e-c15d-4723-aaa4-856eced83a13"
          ],
          "pending": [],
          "skipped": [],
          "duration": 6311,
          "root": false,
          "rootEmpty": false,
          "_timeout": 2000
        }
      ],
      "passes": [],
      "failures": [],
      "pending": [],
      "skipped": [],
      "duration": 0,
      "root": true,
      "rootEmpty": true,
      "_timeout": 2000
    }
  ],
  "meta": {
    "mocha": {
      "version": "7.0.1"
    },
    "mochawesome": {
      "options": {
        "quiet": false,
        "reportFilename": "mochawesome",
        "saveHtml": false,
        "saveJson": true,
        "consoleReporter": "spec",
        "useInlineDiffs": false,
        "code": true
      },
      "version": "7.1.3"
    },
    "marge": {
      "options": {
        "overwrite": false,
        "html": false,
        "json": true,
        "reportDir": "cypress\\reports\\html\\.jsons"
      },
      "version": "6.2.0"
    }
  }
}