{
  "stats": {
    "suites": 1,
    "tests": 2,
    "passes": 2,
    "pending": 0,
    "failures": 0,
    "start": "2024-02-04T14:08:21.591Z",
    "end": "2024-02-04T14:08:21.722Z",
    "duration": 131,
    "testsRegistered": 2,
    "passPercent": 100,
    "pendingPercent": 0,
    "other": 0,
    "hasOther": false,
    "skipped": 0,
    "hasSkipped": false
  },
  "results": [
    {
      "uuid": "9f464319-e328-4a67-bfd1-8a6e7088d888",
      "title": "",
      "fullFile": "cypress\\e2e\\Chapter 2\\using only.cy.js",
      "file": "cypress\\e2e\\Chapter 2\\using only.cy.js",
      "beforeHooks": [],
      "afterHooks": [],
      "tests": [],
      "suites": [
        {
          "uuid": "46c10b7e-4d08-4e8d-8add-1f5d3e8a0cea",
          "title": "Test Suite 1",
          "fullFile": "",
          "file": "",
          "beforeHooks": [],
          "afterHooks": [],
          "tests": [
            {
              "title": "Test case 1",
              "fullTitle": "Test Suite 1 Test case 1",
              "timedOut": null,
              "duration": 60,
              "state": "passed",
              "speed": "fast",
              "pass": true,
              "fail": false,
              "pending": false,
              "context": "{\n  \"title\": \"cypress-mochawesome-reporter-videos-passed\",\n  \"value\": \"cypress\\\\e2e\\\\Chapter 2\\\\using only.cy.js\"\n}",
              "code": "// Testp Steps\n// 1. Visiting page\n// 2. selecting (find) search box\n// 3. intracting with element for type on search box\n// 4. assertion.",
              "err": {},
              "uuid": "6510de29-34b7-4911-9b61-092668725aa3",
              "parentUUID": "46c10b7e-4d08-4e8d-8add-1f5d3e8a0cea",
              "isHook": false,
              "skipped": false
            },
            {
              "title": "Test case 2",
              "fullTitle": "Test Suite 1 Test case 2",
              "timedOut": null,
              "duration": 19,
              "state": "passed",
              "speed": "fast",
              "pass": true,
              "fail": false,
              "pending": false,
              "context": "{\n  \"title\": \"cypress-mochawesome-reporter-videos-passed\",\n  \"value\": \"cypress\\\\e2e\\\\Chapter 2\\\\using only.cy.js\"\n}",
              "code": "// Testp Steps\n// 1. Visiting page\n// 2. selecting (find) search box\n// 3. intracting with element for type on search box\n// 4. assertion.",
              "err": {},
              "uuid": "360545fb-85a1-4b82-8304-6296c6985081",
              "parentUUID": "46c10b7e-4d08-4e8d-8add-1f5d3e8a0cea",
              "isHook": false,
              "skipped": false
            }
          ],
          "suites": [],
          "passes": [
            "6510de29-34b7-4911-9b61-092668725aa3",
            "360545fb-85a1-4b82-8304-6296c6985081"
          ],
          "failures": [],
          "pending": [],
          "skipped": [],
          "duration": 79,
          "root": false,
          "rootEmpty": false,
          "_timeout": 2000
        }
      ],
      "passes": [],
      "failures": [],
      "pending": [],
      "skipped": [],
      "duration": 0,
      "root": true,
      "rootEmpty": true,
      "_timeout": 2000
    }
  ],
  "meta": {
    "mocha": {
      "version": "7.0.1"
    },
    "mochawesome": {
      "options": {
        "quiet": false,
        "reportFilename": "mochawesome",
        "saveHtml": false,
        "saveJson": true,
        "consoleReporter": "spec",
        "useInlineDiffs": false,
        "code": true
      },
      "version": "7.1.3"
    },
    "marge": {
      "options": {
        "overwrite": false,
        "html": false,
        "json": true,
        "reportDir": "cypress\\reports\\html\\.jsons"
      },
      "version": "6.2.0"
    }
  }
}