{
  "stats": {
    "suites": 1,
    "tests": 5,
    "passes": 3,
    "pending": 0,
    "failures": 2,
    "start": "2024-02-04T14:06:35.007Z",
    "end": "2024-02-04T14:07:22.404Z",
    "duration": 47397,
    "testsRegistered": 5,
    "passPercent": 60,
    "pendingPercent": 0,
    "other": 0,
    "hasOther": false,
    "skipped": 0,
    "hasSkipped": false
  },
  "results": [
    {
      "uuid": "93b51d58-aca5-4230-b5de-74fc5ad7db04",
      "title": "",
      "fullFile": "cypress\\e2e\\Chapter 3\\intract with element.cy.js",
      "file": "cypress\\e2e\\Chapter 3\\intract with element.cy.js",
      "beforeHooks": [],
      "afterHooks": [],
      "tests": [],
      "suites": [
        {
          "uuid": "cec872ce-6808-4ee5-b6e5-f57229357400",
          "title": "end-to-end css selector",
          "fullFile": "",
          "file": "",
          "beforeHooks": [],
          "afterHooks": [],
          "tests": [
            {
              "title": "login page",
              "fullTitle": "end-to-end css selector login page",
              "timedOut": null,
              "duration": 5199,
              "state": "passed",
              "speed": "medium",
              "pass": true,
              "fail": false,
              "pending": false,
              "context": "{\n  \"title\": \"cypress-mochawesome-reporter-videos-passed\",\n  \"value\": \"cypress\\\\e2e\\\\Chapter 3\\\\intract with element.cy.js\"\n}",
              "code": "// visit login page\ncy.visit(\"https://end-to-end-v1.onrender.com/\");\n// intract with login element\ncy.get(\"#username\").type(\"testuserq\");\ncy.get(\"#password\").type(\"test\");\ncy.get(\"button\").click();",
              "err": {},
              "uuid": "9b511234-446b-4a90-acec-a1e18cc7bb64",
              "parentUUID": "cec872ce-6808-4ee5-b6e5-f57229357400",
              "isHook": false,
              "skipped": false
            },
            {
              "title": "registration page",
              "fullTitle": "end-to-end css selector registration page",
              "timedOut": null,
              "duration": 6299,
              "state": "passed",
              "speed": "medium",
              "pass": true,
              "fail": false,
              "pending": false,
              "context": "{\n  \"title\": \"cypress-mochawesome-reporter-videos-passed\",\n  \"value\": \"cypress\\\\e2e\\\\Chapter 3\\\\intract with element.cy.js\"\n}",
              "code": "// visity registration\ncy.visit(\"https://end-to-end-v1.onrender.com/registration/\");\n// Intract with Element on registration\ncy.get(\"#first_name\").type(\"FirstName\"); // First Name\ncy.get(\"#last_name\").type(\"LatName\"); // Last name\ncy.get(\"#username\").type(\"Username\"); // username\ncy.get(\"#email\").type(\"Email@Craft.com\"); // email\ncy.get(\"#phone\").type(\"+251700004554\"); // phone\ncy.get(\"#date_of_birth\").type(\"2000-01-01\"); // dob\ncy.get(\"#address\").type(\"Addis Ababa, Ethipoia\"); // address\ncy.get(\"#password1\").type(\"Password\"); // password\ncy.get(\"#confirm-password\").type(\"Password\"); // confirm passowrd\ncy.get(\"#role\").select(\"User\"); // Role\ncy.get(\":nth-child(12) > input\").click(); // button",
              "err": {},
              "uuid": "efc03774-9e57-4c07-820f-2da8c998b3da",
              "parentUUID": "cec872ce-6808-4ee5-b6e5-f57229357400",
              "isHook": false,
              "skipped": false
            },
            {
              "title": "home page",
              "fullTitle": "end-to-end css selector home page",
              "timedOut": null,
              "duration": 11299,
              "state": "failed",
              "speed": null,
              "pass": false,
              "fail": true,
              "pending": false,
              "context": "[\n  {\n    \"title\": \"cypress-mochawesome-reporter-videos-failed\",\n    \"value\": \"cypress\\\\e2e\\\\Chapter 3\\\\intract with element.cy.js\"\n  },\n  {\n    \"title\": \"cypress-mochawesome-reporter-screenshots\",\n    \"value\": [\n      [\n        \"\\\\Chapter 3\\\\intract with element.cy.js\\\\end-to-end css selector -- home page (failed) (2).png\"\n      ]\n    ]\n  }\n]",
              "code": "// visit login page\ncy.visit(\"https://end-to-end-v1.onrender.com/\");\n// intract with login element\ncy.get(\"#username\").type(\"testuserq\");\ncy.get(\"#password\").type(\"test\");\ncy.get(\"button\").click();\n// Element on home page and intract with it\ncy.get(\"ul > :nth-child(1) > a\").click(); //\ncy.get(\".login-btn > a\").click(); // logout  button\ncy.get(\":nth-child(1) > :nth-child(4) > .btn-view\").click(); // view button\ncy.get(\":nth-child(1) > :nth-child(5) > .btn-update\").click(); // update button\ncy.get(\":nth-child(1) > :nth-child(6) > .btn-delete\").click(); // delete button\ncy.get(\".link-deco\").click(); // crafft link",
              "err": {
                "message": "AssertionError: Timed out retrying after 4000ms: Expected to find element: `:nth-child(1) > :nth-child(4) > .btn-view`, but never found it.",
                "estack": "AssertionError: Timed out retrying after 4000ms: Expected to find element: `:nth-child(1) > :nth-child(4) > .btn-view`, but never found it.\n    at Context.eval (webpack://cypress/./cypress/e2e/Chapter 3/intract with element.cy.js:45:7)",
                "diff": null
              },
              "uuid": "6ce14ed9-392c-46b5-90bc-aa7373ae7735",
              "parentUUID": "cec872ce-6808-4ee5-b6e5-f57229357400",
              "isHook": false,
              "skipped": false
            },
            {
              "title": "View page",
              "fullTitle": "end-to-end css selector View page",
              "timedOut": null,
              "duration": 13354,
              "state": "failed",
              "speed": null,
              "pass": false,
              "fail": true,
              "pending": false,
              "context": "[\n  {\n    \"title\": \"cypress-mochawesome-reporter-videos-failed\",\n    \"value\": \"cypress\\\\e2e\\\\Chapter 3\\\\intract with element.cy.js\"\n  },\n  {\n    \"title\": \"cypress-mochawesome-reporter-screenshots\",\n    \"value\": [\n      [\n        \"\\\\Chapter 3\\\\intract with element.cy.js\\\\end-to-end css selector -- View page (failed) (2).png\"\n      ]\n    ]\n  }\n]",
              "code": "// visit home page\ncy.visit(\"https://end-to-end-v1.onrender.com/home/\");\n// login to home page\ncy.get(\"#username\").type(\"testuserq\");\ncy.get(\"#password\").type(\"test\");\ncy.get(\"button\").click();\n// click on update button\ncy.get(\":nth-child(1) > :nth-child(4) > .btn-view\").click(); // update button\n// Element on home page and intract with it\ncy.get(\"ul > :nth-child(1) > a\").click(); //\ncy.get(\".login-btn > a\").click(); // logout  button\ncy.get(\".link-deco\").click(); // crafft link",
              "err": {
                "message": "AssertionError: Timed out retrying after 4000ms: Expected to find element: `.link-deco`, but never found it.",
                "estack": "AssertionError: Timed out retrying after 4000ms: Expected to find element: `.link-deco`, but never found it.\n    at Context.eval (webpack://cypress/./cypress/e2e/Chapter 3/intract with element.cy.js:70:7)",
                "diff": null
              },
              "uuid": "7adea6b0-7e4d-4638-9b74-cb9127e98336",
              "parentUUID": "cec872ce-6808-4ee5-b6e5-f57229357400",
              "isHook": false,
              "skipped": false
            },
            {
              "title": "update page",
              "fullTitle": "end-to-end css selector update page",
              "timedOut": null,
              "duration": 7886,
              "state": "passed",
              "speed": "medium",
              "pass": true,
              "fail": false,
              "pending": false,
              "context": "{\n  \"title\": \"cypress-mochawesome-reporter-videos-passed\",\n  \"value\": \"cypress\\\\e2e\\\\Chapter 3\\\\intract with element.cy.js\"\n}",
              "code": "// visit home page\ncy.visit(\"https://end-to-end-v1.onrender.com/home/\");\n// login to home page\ncy.get(\"#username\").type(\"testuserq\");\ncy.get(\"#password\").type(\"test\");\ncy.get(\"button\").click();\n// click on update button\ncy.get(\":nth-child(1) > :nth-child(5) > .btn-update\").click(); // update button\n// intract with Elemenet on update page\ncy.get(\":nth-child(2) > #username\").type(\"NewFirstName\");\ncy.get(\":nth-child(3) > #username\").type(\"NewLasttName\");\ncy.get(\"#email\").type(\"NewEmail@Craft.com\");\ncy.get(\"#phone\").type(\"+2519000000\");\ncy.get(\"#date_of_birth\").type(\"2000-02-02\");\ncy.get(\"#address\").type(\"NewAddress\");\ncy.get(\"#role\").select(\"User\");\ncy.get(\":nth-child(9) > input\").click();",
              "err": {},
              "uuid": "eb465993-5b92-442b-b19b-3aa8184dcb50",
              "parentUUID": "cec872ce-6808-4ee5-b6e5-f57229357400",
              "isHook": false,
              "skipped": false
            }
          ],
          "suites": [],
          "passes": [
            "9b511234-446b-4a90-acec-a1e18cc7bb64",
            "efc03774-9e57-4c07-820f-2da8c998b3da",
            "eb465993-5b92-442b-b19b-3aa8184dcb50"
          ],
          "failures": [
            "6ce14ed9-392c-46b5-90bc-aa7373ae7735",
            "7adea6b0-7e4d-4638-9b74-cb9127e98336"
          ],
          "pending": [],
          "skipped": [],
          "duration": 44037,
          "root": false,
          "rootEmpty": false,
          "_timeout": 2000
        }
      ],
      "passes": [],
      "failures": [],
      "pending": [],
      "skipped": [],
      "duration": 0,
      "root": true,
      "rootEmpty": true,
      "_timeout": 2000
    }
  ],
  "meta": {
    "mocha": {
      "version": "7.0.1"
    },
    "mochawesome": {
      "options": {
        "quiet": false,
        "reportFilename": "mochawesome",
        "saveHtml": false,
        "saveJson": true,
        "consoleReporter": "spec",
        "useInlineDiffs": false,
        "code": true
      },
      "version": "7.1.3"
    },
    "marge": {
      "options": {
        "overwrite": false,
        "html": false,
        "json": true,
        "reportDir": "cypress\\reports\\html\\.jsons"
      },
      "version": "6.2.0"
    }
  }
}