{
  "stats": {
    "suites": 1,
    "tests": 1,
    "passes": 1,
    "pending": 0,
    "failures": 0,
    "start": "2024-02-04T14:02:12.811Z",
    "end": "2024-02-04T14:02:18.649Z",
    "duration": 5838,
    "testsRegistered": 1,
    "passPercent": 100,
    "pendingPercent": 0,
    "other": 0,
    "hasOther": false,
    "skipped": 0,
    "hasSkipped": false
  },
  "results": [
    {
      "uuid": "9cade911-5bba-4c46-bbdd-0e85eaaa7949",
      "title": "",
      "fullFile": "cypress\\e2e\\Chapter 4\\Frames.cy.js",
      "file": "cypress\\e2e\\Chapter 4\\Frames.cy.js",
      "beforeHooks": [],
      "afterHooks": [],
      "tests": [],
      "suites": [
        {
          "uuid": "722ba3f8-e173-48d2-90e1-a3126e140323",
          "title": "Tutorialspoint Test",
          "fullFile": "",
          "file": "",
          "beforeHooks": [],
          "afterHooks": [],
          "tests": [
            {
              "title": "Test Case6",
              "fullTitle": "Tutorialspoint Test Test Case6",
              "timedOut": null,
              "duration": 2972,
              "state": "passed",
              "speed": "fast",
              "pass": true,
              "fail": false,
              "pending": false,
              "context": "{\n  \"title\": \"cypress-mochawesome-reporter-videos-passed\",\n  \"value\": \"cypress\\\\e2e\\\\Chapter 4\\\\Frames.cy.js\"\n}",
              "code": "cy.visit(\"https://html-element-for-testing.onrender.com/Frames.html\");\ncy.frameLoaded('#frame1');\ncy.iframe().find('input[type=\"text\"]').type(\"Efrem\").should(\"have.value\", \"Efrem\");\ncy.iframe().find('input[type=\"email\"]').type(\"efrem@gail.com\").should(\"have.value\", \"efrem@gail.com\");\ncy.iframe().find('input[type=\"password\"]').type(\"123dew3\").should(\"have.value\", \"123dew3\");\ncy.iframe().find('input[type=\"number\"]').type(\"24\").should(\"have.value\", \"24\");\ncy.iframe().find('textarea').type(\"this is address\").should(\"have.value\", \"this is address\");",
              "err": {},
              "uuid": "4384c547-5a20-42ed-8ac5-1493d430b175",
              "parentUUID": "722ba3f8-e173-48d2-90e1-a3126e140323",
              "isHook": false,
              "skipped": false
            }
          ],
          "suites": [],
          "passes": [
            "4384c547-5a20-42ed-8ac5-1493d430b175"
          ],
          "failures": [],
          "pending": [],
          "skipped": [],
          "duration": 2972,
          "root": false,
          "rootEmpty": false,
          "_timeout": 2000
        }
      ],
      "passes": [],
      "failures": [],
      "pending": [],
      "skipped": [],
      "duration": 0,
      "root": true,
      "rootEmpty": true,
      "_timeout": 2000
    }
  ],
  "meta": {
    "mocha": {
      "version": "7.0.1"
    },
    "mochawesome": {
      "options": {
        "quiet": false,
        "reportFilename": "mochawesome",
        "saveHtml": false,
        "saveJson": true,
        "consoleReporter": "spec",
        "useInlineDiffs": false,
        "code": true
      },
      "version": "7.1.3"
    },
    "marge": {
      "options": {
        "overwrite": false,
        "html": false,
        "json": true,
        "reportDir": "cypress\\reports\\html\\.jsons"
      },
      "version": "6.2.0"
    }
  }
}