{
  "stats": {
    "suites": 1,
    "tests": 1,
    "passes": 0,
    "pending": 0,
    "failures": 1,
    "start": "2024-02-04T14:05:06.566Z",
    "end": "2024-02-04T14:05:08.092Z",
    "duration": 1526,
    "testsRegistered": 4,
    "passPercent": 0,
    "pendingPercent": 0,
    "other": 0,
    "hasOther": false,
    "skipped": 3,
    "hasSkipped": true
  },
  "results": [
    {
      "uuid": "3dc863c1-8aae-4ffa-a243-fed922d659f7",
      "title": "",
      "fullFile": "cypress\\e2e\\Chapter5\\Environment Variables.cy.js",
      "file": "cypress\\e2e\\Chapter5\\Environment Variables.cy.js",
      "beforeHooks": [],
      "afterHooks": [],
      "tests": [],
      "suites": [
        {
          "uuid": "8fc92585-4362-4427-b2fd-1a51d419c04a",
          "title": "this is hook ",
          "fullFile": "",
          "file": "",
          "beforeHooks": [],
          "afterHooks": [],
          "tests": [
            {
              "title": "Verify that a user can successfully log in with valid credentials.",
              "fullTitle": "this is hook  Verify that a user can successfully log in with valid credentials.",
              "timedOut": null,
              "duration": 1396,
              "state": "failed",
              "speed": null,
              "pass": false,
              "fail": true,
              "pending": false,
              "context": "[\n  {\n    \"title\": \"cypress-mochawesome-reporter-videos-failed\",\n    \"value\": \"cypress\\\\e2e\\\\Chapter5\\\\Environment Variables.cy.js\"\n  },\n  {\n    \"title\": \"cypress-mochawesome-reporter-screenshots\",\n    \"value\": [\n      [\n        \"\\\\Chapter5\\\\Environment Variables.cy.js\\\\this is hook -- Verify that a user can successfully log in with valid credentials -- before each hook visity webpage (failed) (2).png\"\n      ]\n    ]\n  }\n]",
              "code": "cy.fixture(\"examplelog\").then(data => {\n  const mylogin_data = data.testcase1;\n  _LoginPage.default.username(mylogin_data.Valid_Username);\n  _LoginPage.default.Password(mylogin_data.Valid_Password);\n  _LoginPage.default.submit();\n  cy.url().should(\"eq\", \"https://end-to-end-v1.onrender.com/home/\");\n  cy.get(\"h2\").should(\"exist\");\n  cy.get(\"h2\").should(\"be.visible\");\n  cy.get(\"h2\").should(\"have.text\", \"Registered Users\");\n  cy.get(\"h2\").should(\"exist\").and(\"be.visible\").and(\"have.text\", \"Registered Users\");\n});",
              "err": {
                "message": "CypressError: `cy.visit()` failed trying to load:\n\nhttps://end-to-end-v0.onrender.com/\n\nThe response we received from your web server was:\n\n  > 404: Not Found\n\nThis was considered a failure because the status code was not `2xx`.\n\nIf you do not want status codes to cause failures pass the option: `failOnStatusCode: false`\n\nBecause this error occurred during a `before each` hook we are skipping the remaining tests in the current suite: `this is hook `",
                "estack": "CypressError: `cy.visit()` failed trying to load:\n\nhttps://end-to-end-v0.onrender.com/\n\nThe response we received from your web server was:\n\n  > 404: Not Found\n\nThis was considered a failure because the status code was not `2xx`.\n\nIf you do not want status codes to cause failures pass the option: `failOnStatusCode: false`\n\nBecause this error occurred during a `before each` hook we are skipping the remaining tests in the current suite: `this is hook `\n    at <unknown> (http://localhost:58720/__cypress/runner/cypress_runner.js:130931:76)\n    at visitFailedByErr (http://localhost:58720/__cypress/runner/cypress_runner.js:130339:12)\n    at <unknown> (http://localhost:58720/__cypress/runner/cypress_runner.js:130914:13)\n    at tryCatcher (http://localhost:58720/__cypress/runner/cypress_runner.js:1807:23)\n    at Promise._settlePromiseFromHandler (http://localhost:58720/__cypress/runner/cypress_runner.js:1519:31)\n    at Promise._settlePromise (http://localhost:58720/__cypress/runner/cypress_runner.js:1576:18)\n    at Promise._settlePromise0 (http://localhost:58720/__cypress/runner/cypress_runner.js:1621:10)\n    at Promise._settlePromises (http://localhost:58720/__cypress/runner/cypress_runner.js:1697:18)\n    at _drainQueueStep (http://localhost:58720/__cypress/runner/cypress_runner.js:2407:12)\n    at _drainQueue (http://localhost:58720/__cypress/runner/cypress_runner.js:2400:9)\n    at Async._drainQueues (http://localhost:58720/__cypress/runner/cypress_runner.js:2416:5)\n    at Async.drainQueues (http://localhost:58720/__cypress/runner/cypress_runner.js:2286:14)\nFrom Your Spec Code:\n    at Context.eval (webpack://cypress/./cypress/e2e/Chapter5/Environment Variables.cy.js:5:7)",
                "diff": null
              },
              "uuid": "6f4d5c93-1f51-45cc-98b4-b189fb61b7c8",
              "parentUUID": "8fc92585-4362-4427-b2fd-1a51d419c04a",
              "isHook": false,
              "skipped": false
            },
            {
              "title": "Verify that the system behaber with an invalid username and valid password.",
              "fullTitle": "this is hook  Verify that the system behaber with an invalid username and valid password.",
              "timedOut": null,
              "duration": 0,
              "state": "skipped",
              "speed": null,
              "pass": false,
              "fail": false,
              "pending": false,
              "context": null,
              "code": "cy.fixture(\"examplelog\").then(data => {\n  const logindata = data.testcase2;\n  cy.xpath(\"//input[@id='username']\").type(logindata.invalid_Username);\n  cy.xpath(\"//input[@id='password']\").type(logindata.Valid_Password);\n  cy.xpath(\"//button[@type='submit']\").click(); // using xpath\n});\ncy.url().should(\"eq\", \"https://end-to-end-v1.onrender.com/\");",
              "err": {},
              "uuid": "77c94b60-9ded-4ec9-88c8-7e318c905974",
              "parentUUID": "8fc92585-4362-4427-b2fd-1a51d419c04a",
              "isHook": false,
              "skipped": true
            },
            {
              "title": "Verify that the system handles invalid login credentials with an invalid password.",
              "fullTitle": "this is hook  Verify that the system handles invalid login credentials with an invalid password.",
              "timedOut": null,
              "duration": 0,
              "state": "skipped",
              "speed": null,
              "pass": false,
              "fail": false,
              "pending": false,
              "context": null,
              "code": "cy.fixture(\"examplelog\").then(data => {\n  const logindata = data.testcase3;\n  cy.xpath(\"//input[@id='username']\").type(logindata.Valid_Username);\n  cy.xpath(\"//input[@id='password']\").type(logindata.invalid_Password);\n  cy.xpath(\"//button[@type='submit']\").click(); // using xpath\n});\ncy.url().should(\"eq\", \"https://end-to-end-v1.onrender.com/\");",
              "err": {},
              "uuid": "47888ce8-86d3-4a37-afd9-875b4b5424af",
              "parentUUID": "8fc92585-4362-4427-b2fd-1a51d419c04a",
              "isHook": false,
              "skipped": true
            },
            {
              "title": "Verify that the system handles invalid login credentials with both an invalid username and an invalid password.",
              "fullTitle": "this is hook  Verify that the system handles invalid login credentials with both an invalid username and an invalid password.",
              "timedOut": null,
              "duration": 0,
              "state": "skipped",
              "speed": null,
              "pass": false,
              "fail": false,
              "pending": false,
              "context": null,
              "code": "cy.fixture(\"examplelog\").then(data => {\n  const logindata = data.testcase4;\n  cy.xpath(\"//input[@id='username']\").type(logindata.invalid_Username);\n  cy.xpath(\"//input[@id='password']\").type(logindata.invalid_Password);\n  cy.xpath(\"//button[@type='submit']\").click(); // using xpath\n});\ncy.url().should(\"eq\", \"https://end-to-end-v1.onrender.com/\");",
              "err": {},
              "uuid": "fa5dacab-8735-4839-844a-b541b7252098",
              "parentUUID": "8fc92585-4362-4427-b2fd-1a51d419c04a",
              "isHook": false,
              "skipped": true
            }
          ],
          "suites": [],
          "passes": [],
          "failures": [
            "6f4d5c93-1f51-45cc-98b4-b189fb61b7c8"
          ],
          "pending": [],
          "skipped": [
            "77c94b60-9ded-4ec9-88c8-7e318c905974",
            "47888ce8-86d3-4a37-afd9-875b4b5424af",
            "fa5dacab-8735-4839-844a-b541b7252098"
          ],
          "duration": 1396,
          "root": false,
          "rootEmpty": false,
          "_timeout": 2000
        }
      ],
      "passes": [],
      "failures": [],
      "pending": [],
      "skipped": [],
      "duration": 0,
      "root": true,
      "rootEmpty": true,
      "_timeout": 2000
    }
  ],
  "meta": {
    "mocha": {
      "version": "7.0.1"
    },
    "mochawesome": {
      "options": {
        "quiet": false,
        "reportFilename": "mochawesome",
        "saveHtml": false,
        "saveJson": true,
        "consoleReporter": "spec",
        "useInlineDiffs": false,
        "code": true
      },
      "version": "7.1.3"
    },
    "marge": {
      "options": {
        "overwrite": false,
        "html": false,
        "json": true,
        "reportDir": "cypress\\reports\\html\\.jsons"
      },
      "version": "6.2.0"
    }
  }
}