{
  "stats": {
    "suites": 1,
    "tests": 10,
    "passes": 1,
    "pending": 0,
    "failures": 9,
    "start": "2024-02-04T14:08:54.894Z",
    "end": "2024-02-04T14:09:05.479Z",
    "duration": 10585,
    "testsRegistered": 10,
    "passPercent": 10,
    "pendingPercent": 0,
    "other": 0,
    "hasOther": false,
    "skipped": 0,
    "hasSkipped": false
  },
  "results": [
    {
      "uuid": "6114a58d-9d62-4c57-a3c3-866f9b55a3b7",
      "title": "",
      "fullFile": "cypress\\e2e\\Project\\Code Optimaztion\\Testing Registration functinalty.cy.js",
      "file": "cypress\\e2e\\Project\\Code Optimaztion\\Testing Registration functinalty.cy.js",
      "beforeHooks": [],
      "afterHooks": [],
      "tests": [],
      "suites": [
        {
          "uuid": "0f0c8c6e-e367-46c6-9087-304d60ca9ed9",
          "title": "Testing Registration functinalty",
          "fullFile": "",
          "file": "",
          "beforeHooks": [],
          "afterHooks": [],
          "tests": [
            {
              "title": "Verify that the system validates the first name input correctly.",
              "fullTitle": "Testing Registration functinalty Verify that the system validates the first name input correctly.",
              "timedOut": null,
              "duration": 1158,
              "state": "failed",
              "speed": null,
              "pass": false,
              "fail": true,
              "pending": false,
              "context": "[\n  {\n    \"title\": \"cypress-mochawesome-reporter-videos-failed\",\n    \"value\": \"cypress\\\\e2e\\\\Project\\\\Code Optimaztion\\\\Testing Registration functinalty.cy.js\"\n  },\n  {\n    \"title\": \"cypress-mochawesome-reporter-screenshots\",\n    \"value\": [\n      [\n        \"\\\\Project\\\\Code Optimaztion\\\\Testing Registration functinalty.cy.js\\\\Testing Registration functinalty -- Verify that the system validates the first name input correctly (failed).png\"\n      ]\n    ]\n  }\n]",
              "code": "//1. visit\ncy.visit(\"https://end-to-end-v1.onrender.com/registration/\");\ncy.fixture(\"registrationTestData\").then(data => {\n  test_data = data.TestCase1;\n  // 2. select element and 3. intract with element\n  cy.myRegistration(test_data.firstName, test_data.lastName, test_data.username, test_data.email, test_data.phoneNumber, test_data.dateOfBirth, test_data.address, test_data.password, test_data.confirmPassword, test_data.role);\n});\n// 4. assertion\ncy.xpath(\"//li[@class='my-list li']\").should(\"have.text\", \"First name should only contain letters\");\ncy.url().should(\"eq\", \"https://end-to-end-v1.onrender.com/registration/\");",
              "err": {
                "message": "ReferenceError: test_data is not defined",
                "estack": "ReferenceError: test_data is not defined\n    at Context.eval (webpack://cypress/./cypress/e2e/Project/Code Optimaztion/Testing Registration functinalty.cy.js:7:15)",
                "diff": null
              },
              "uuid": "a93d82fc-1a02-45b9-9887-b7a5c691bae9",
              "parentUUID": "0f0c8c6e-e367-46c6-9087-304d60ca9ed9",
              "isHook": false,
              "skipped": false
            },
            {
              "title": "Verify that the system validates the last name input correctly.",
              "fullTitle": "Testing Registration functinalty Verify that the system validates the last name input correctly.",
              "timedOut": null,
              "duration": 681,
              "state": "failed",
              "speed": null,
              "pass": false,
              "fail": true,
              "pending": false,
              "context": "[\n  {\n    \"title\": \"cypress-mochawesome-reporter-videos-failed\",\n    \"value\": \"cypress\\\\e2e\\\\Project\\\\Code Optimaztion\\\\Testing Registration functinalty.cy.js\"\n  },\n  {\n    \"title\": \"cypress-mochawesome-reporter-screenshots\",\n    \"value\": [\n      [\n        \"\\\\Project\\\\Code Optimaztion\\\\Testing Registration functinalty.cy.js\\\\Testing Registration functinalty -- Verify that the system validates the last name input correctly (failed).png\"\n      ]\n    ]\n  }\n]",
              "code": "//1. visit\ncy.visit(\"https://end-to-end-v1.onrender.com/registration/\");\n// 2. select element and 3. intract with element\ncy.fixture(\"registrationTestData\").then(data => {\n  test_data = data.TestCase2;\n  // 2. select element and 3. intract with element\n  cy.myRegistration(test_data.firstName, test_data.lastName, test_data.username, test_data.email, test_data.phoneNumber, test_data.dateOfBirth, test_data.address, test_data.password, test_data.confirmPassword, test_data.role);\n});\n// 4. assertion\ncy.xpath(\"//li[@class='my-list li']\").should(\"have.text\", \"Last name should only contain letters\");\ncy.url().should(\"eq\", \"https://end-to-end-v1.onrender.com/registration/\");",
              "err": {
                "message": "ReferenceError: test_data is not defined",
                "estack": "ReferenceError: test_data is not defined\n    at Context.eval (webpack://cypress/./cypress/e2e/Project/Code Optimaztion/Testing Registration functinalty.cy.js:37:15)",
                "diff": null
              },
              "uuid": "106778ef-e88f-47a9-abc1-e212bb57fa10",
              "parentUUID": "0f0c8c6e-e367-46c6-9087-304d60ca9ed9",
              "isHook": false,
              "skipped": false
            },
            {
              "title": "Verify that the system validates the username input correctly.",
              "fullTitle": "Testing Registration functinalty Verify that the system validates the username input correctly.",
              "timedOut": null,
              "duration": 661,
              "state": "failed",
              "speed": null,
              "pass": false,
              "fail": true,
              "pending": false,
              "context": "[\n  {\n    \"title\": \"cypress-mochawesome-reporter-videos-failed\",\n    \"value\": \"cypress\\\\e2e\\\\Project\\\\Code Optimaztion\\\\Testing Registration functinalty.cy.js\"\n  },\n  {\n    \"title\": \"cypress-mochawesome-reporter-screenshots\",\n    \"value\": [\n      [\n        \"\\\\Project\\\\Code Optimaztion\\\\Testing Registration functinalty.cy.js\\\\Testing Registration functinalty -- Verify that the system validates the username input correctly (failed).png\"\n      ]\n    ]\n  }\n]",
              "code": "// visit web site\ncy.visit(\"https://end-to-end-v1.onrender.com/registration/\");\n// select and intract with element\ncy.fixture(\"registrationTestData\").then(data => {\n  test_data = data.TestCase3;\n  // 2. select element and 3. intract with element\n  cy.myRegistration(test_data.firstName, test_data.lastName, test_data.username, test_data.email, test_data.phoneNumber, test_data.dateOfBirth, test_data.address, test_data.password, test_data.confirmPassword, test_data.role);\n});\n// 4. assertion\ncy.xpath(\"//li[@class='my-list li']\").should(\"have.text\", \"Username should only contain letters\");\ncy.url().should(\"eq\", \"https://end-to-end-v1.onrender.com/registration/\");",
              "err": {
                "message": "ReferenceError: test_data is not defined",
                "estack": "ReferenceError: test_data is not defined\n    at Context.eval (webpack://cypress/./cypress/e2e/Project/Code Optimaztion/Testing Registration functinalty.cy.js:66:15)",
                "diff": null
              },
              "uuid": "c0f825b6-5372-493f-82b2-a232fd30be1b",
              "parentUUID": "0f0c8c6e-e367-46c6-9087-304d60ca9ed9",
              "isHook": false,
              "skipped": false
            },
            {
              "title": "Verify that the system validates the phone number input correctly.",
              "fullTitle": "Testing Registration functinalty Verify that the system validates the phone number input correctly.",
              "timedOut": null,
              "duration": 585,
              "state": "failed",
              "speed": null,
              "pass": false,
              "fail": true,
              "pending": false,
              "context": "[\n  {\n    \"title\": \"cypress-mochawesome-reporter-videos-failed\",\n    \"value\": \"cypress\\\\e2e\\\\Project\\\\Code Optimaztion\\\\Testing Registration functinalty.cy.js\"\n  },\n  {\n    \"title\": \"cypress-mochawesome-reporter-screenshots\",\n    \"value\": [\n      [\n        \"\\\\Project\\\\Code Optimaztion\\\\Testing Registration functinalty.cy.js\\\\Testing Registration functinalty -- Verify that the system validates the phone number input correctly (failed).png\"\n      ]\n    ]\n  }\n]",
              "code": "// visit web site\ncy.visit(\"https://end-to-end-v1.onrender.com/registration/\");\n// select and intract with element\ncy.fixture(\"registrationTestData\").then(data => {\n  test_data = data.TestCase4;\n  // 2. select element and 3. intract with element\n  cy.myRegistration(test_data.firstName, test_data.lastName, test_data.username, test_data.email, test_data.phoneNumber, test_data.dateOfBirth, test_data.address, test_data.password, test_data.confirmPassword, test_data.role);\n});\n// 4. assertion\ncy.xpath(\"//li[@class='my-list li']\").should(\"have.text\", \"Phone number should be in the format +1234567890\");\ncy.url().should(\"eq\", \"https://end-to-end-v1.onrender.com/registration/\");",
              "err": {
                "message": "ReferenceError: test_data is not defined",
                "estack": "ReferenceError: test_data is not defined\n    at Context.eval (webpack://cypress/./cypress/e2e/Project/Code Optimaztion/Testing Registration functinalty.cy.js:95:15)",
                "diff": null
              },
              "uuid": "8e6bb8fd-380a-4f56-b97e-55dafe48184a",
              "parentUUID": "0f0c8c6e-e367-46c6-9087-304d60ca9ed9",
              "isHook": false,
              "skipped": false
            },
            {
              "title": "Verify that the system validates the Invalid Date of Birth",
              "fullTitle": "Testing Registration functinalty Verify that the system validates the Invalid Date of Birth",
              "timedOut": null,
              "duration": 630,
              "state": "failed",
              "speed": null,
              "pass": false,
              "fail": true,
              "pending": false,
              "context": "[\n  {\n    \"title\": \"cypress-mochawesome-reporter-videos-failed\",\n    \"value\": \"cypress\\\\e2e\\\\Project\\\\Code Optimaztion\\\\Testing Registration functinalty.cy.js\"\n  },\n  {\n    \"title\": \"cypress-mochawesome-reporter-screenshots\",\n    \"value\": [\n      [\n        \"\\\\Project\\\\Code Optimaztion\\\\Testing Registration functinalty.cy.js\\\\Testing Registration functinalty -- Verify that the system validates the Invalid Date of Birth (failed).png\"\n      ]\n    ]\n  }\n]",
              "code": "// visit web site\ncy.visit(\"https://end-to-end-v1.onrender.com/registration/\");\n// select and intract with element\ncy.fixture(\"registrationTestData\").then(data => {\n  test_data = data.TestCase5;\n  // 2. select element and 3. intract with element\n  cy.myRegistration(test_data.firstName, test_data.lastName, test_data.username, test_data.email, test_data.phoneNumber, test_data.dateOfBirth, test_data.address, test_data.password, test_data.confirmPassword, test_data.role);\n});\n// 4. assertion\ncy.xpath(\"//li[@class='my-list li']\").should(\"have.text\", \"Age must be above 20 years.\");\ncy.url().should(\"eq\", \"https://end-to-end-v1.onrender.com/registration/\");",
              "err": {
                "message": "ReferenceError: test_data is not defined",
                "estack": "ReferenceError: test_data is not defined\n    at Context.eval (webpack://cypress/./cypress/e2e/Project/Code Optimaztion/Testing Registration functinalty.cy.js:124:15)",
                "diff": null
              },
              "uuid": "f62946ce-12f0-4266-ae6d-e0246f0e19e1",
              "parentUUID": "0f0c8c6e-e367-46c6-9087-304d60ca9ed9",
              "isHook": false,
              "skipped": false
            },
            {
              "title": "Verify that the system checks for the uniqueness of the entered username",
              "fullTitle": "Testing Registration functinalty Verify that the system checks for the uniqueness of the entered username",
              "timedOut": null,
              "duration": 537,
              "state": "failed",
              "speed": null,
              "pass": false,
              "fail": true,
              "pending": false,
              "context": "[\n  {\n    \"title\": \"cypress-mochawesome-reporter-videos-failed\",\n    \"value\": \"cypress\\\\e2e\\\\Project\\\\Code Optimaztion\\\\Testing Registration functinalty.cy.js\"\n  },\n  {\n    \"title\": \"cypress-mochawesome-reporter-screenshots\",\n    \"value\": [\n      [\n        \"\\\\Project\\\\Code Optimaztion\\\\Testing Registration functinalty.cy.js\\\\Testing Registration functinalty -- Verify that the system checks for the uniqueness of the entered username (failed).png\"\n      ]\n    ]\n  }\n]",
              "code": "// visit web site\ncy.visit(\"https://end-to-end-v1.onrender.com/registration/\");\n// select and intract with element\ncy.fixture(\"registrationTestData\").then(data => {\n  test_data = data.TestCase6;\n  // 2. select element and 3. intract with element\n  cy.myRegistration(test_data.firstName, test_data.lastName, test_data.username, test_data.email, test_data.phoneNumber, test_data.dateOfBirth, test_data.address, test_data.password, test_data.confirmPassword, test_data.role);\n});\n// 4. assertion\ncy.xpath(\"//li[@class='my-list li']\").should(\"have.text\", \"Username already exists\");\ncy.url().should(\"eq\", \"https://end-to-end-v1.onrender.com/registration/\");",
              "err": {
                "message": "ReferenceError: test_data is not defined",
                "estack": "ReferenceError: test_data is not defined\n    at Context.eval (webpack://cypress/./cypress/e2e/Project/Code Optimaztion/Testing Registration functinalty.cy.js:153:15)",
                "diff": null
              },
              "uuid": "ec16a463-a24c-43dd-86d5-aac51db1d427",
              "parentUUID": "0f0c8c6e-e367-46c6-9087-304d60ca9ed9",
              "isHook": false,
              "skipped": false
            },
            {
              "title": "Verify that the system checks for the uniqueness of the email address.",
              "fullTitle": "Testing Registration functinalty Verify that the system checks for the uniqueness of the email address.",
              "timedOut": null,
              "duration": 699,
              "state": "failed",
              "speed": null,
              "pass": false,
              "fail": true,
              "pending": false,
              "context": "[\n  {\n    \"title\": \"cypress-mochawesome-reporter-videos-failed\",\n    \"value\": \"cypress\\\\e2e\\\\Project\\\\Code Optimaztion\\\\Testing Registration functinalty.cy.js\"\n  },\n  {\n    \"title\": \"cypress-mochawesome-reporter-screenshots\",\n    \"value\": [\n      [\n        \"\\\\Project\\\\Code Optimaztion\\\\Testing Registration functinalty.cy.js\\\\Testing Registration functinalty -- Verify that the system checks for the uniqueness of the email address (failed).png\"\n      ]\n    ]\n  }\n]",
              "code": "// visit web site\ncy.visit(\"https://end-to-end-v1.onrender.com/registration/\");\n// select and intract with element\ncy.fixture(\"registrationTestData\").then(data => {\n  test_data = data.TestCase7;\n  // 2. select element and 3. intract with element\n  cy.myRegistration(test_data.firstName, test_data.lastName, test_data.username, test_data.email, test_data.phoneNumber, test_data.dateOfBirth, test_data.address, test_data.password, test_data.confirmPassword, test_data.role);\n});\n// 4. assertion\ncy.xpath(\"//li[@class='my-list li']\").should(\"have.text\", \"Email already exists\");\ncy.url().should(\"eq\", \"https://end-to-end-v1.onrender.com/registration/\");",
              "err": {
                "message": "ReferenceError: test_data is not defined",
                "estack": "ReferenceError: test_data is not defined\n    at Context.eval (webpack://cypress/./cypress/e2e/Project/Code Optimaztion/Testing Registration functinalty.cy.js:182:15)",
                "diff": null
              },
              "uuid": "59a3429f-d163-4ad6-acd0-029651110efc",
              "parentUUID": "0f0c8c6e-e367-46c6-9087-304d60ca9ed9",
              "isHook": false,
              "skipped": false
            },
            {
              "title": "Description: Verify that the system validates the password inputs correctly.",
              "fullTitle": "Testing Registration functinalty Description: Verify that the system validates the password inputs correctly.",
              "timedOut": null,
              "duration": 613,
              "state": "failed",
              "speed": null,
              "pass": false,
              "fail": true,
              "pending": false,
              "context": "[\n  {\n    \"title\": \"cypress-mochawesome-reporter-videos-failed\",\n    \"value\": \"cypress\\\\e2e\\\\Project\\\\Code Optimaztion\\\\Testing Registration functinalty.cy.js\"\n  },\n  {\n    \"title\": \"cypress-mochawesome-reporter-screenshots\",\n    \"value\": [\n      [\n        \"\\\\Project\\\\Code Optimaztion\\\\Testing Registration functinalty.cy.js\\\\Testing Registration functinalty -- Description Verify that the system validates the password inputs correctly (failed).png\"\n      ]\n    ]\n  }\n]",
              "code": "// visit web site\ncy.visit(\"https://end-to-end-v1.onrender.com/registration/\");\n// select and intract with element\ncy.fixture(\"registrationTestData\").then(data => {\n  test_data = data.TestCase8;\n  // 2. select element and 3. intract with element\n  cy.myRegistration(test_data.firstName, test_data.lastName, test_data.username, test_data.email, test_data.phoneNumber, test_data.dateOfBirth, test_data.address, test_data.password, test_data.confirmPassword, test_data.role);\n});\n// 4. assertion\ncy.xpath(\"//li[@class='my-list li']\").should(\"have.text\", \"Passwords do not match\");\ncy.url().should(\"eq\", \"https://end-to-end-v1.onrender.com/registration/\");",
              "err": {
                "message": "ReferenceError: test_data is not defined",
                "estack": "ReferenceError: test_data is not defined\n    at Context.eval (webpack://cypress/./cypress/e2e/Project/Code Optimaztion/Testing Registration functinalty.cy.js:211:15)",
                "diff": null
              },
              "uuid": "83c9a36e-e1a8-4960-9879-1e98767b25c6",
              "parentUUID": "0f0c8c6e-e367-46c6-9087-304d60ca9ed9",
              "isHook": false,
              "skipped": false
            },
            {
              "title": "Verify that the system successfully creates a new user account when all input validations pass.",
              "fullTitle": "Testing Registration functinalty Verify that the system successfully creates a new user account when all input validations pass.",
              "timedOut": null,
              "duration": 773,
              "state": "failed",
              "speed": null,
              "pass": false,
              "fail": true,
              "pending": false,
              "context": "[\n  {\n    \"title\": \"cypress-mochawesome-reporter-videos-failed\",\n    \"value\": \"cypress\\\\e2e\\\\Project\\\\Code Optimaztion\\\\Testing Registration functinalty.cy.js\"\n  },\n  {\n    \"title\": \"cypress-mochawesome-reporter-screenshots\",\n    \"value\": [\n      [\n        \"\\\\Project\\\\Code Optimaztion\\\\Testing Registration functinalty.cy.js\\\\Testing Registration functinalty -- Verify that the system successfully creates a new user account when all input validations pass (failed).png\"\n      ]\n    ]\n  }\n]",
              "code": "// visit web site\ncy.visit(\"https://end-to-end-v1.onrender.com/registration/\");\n// select and intract with element\ncy.fixture(\"registrationTestData\").then(data => {\n  test_data = data.TestCase8;\n  // 2. select element and 3. intract with element\n  cy.myRegistration(test_data.firstName, test_data.lastName, test_data.username, test_data.email, test_data.phoneNumber, test_data.dateOfBirth, test_data.address, test_data.password, test_data.confirmPassword, test_data.role);\n});\n// 4. assertion\ncy.url().should(\"eq\", \"https://end-to-end-v1.onrender.com/\");\n//cy.xpath(\"//li[@class='my-list li']\").should('have.text','Passwords do not match')",
              "err": {
                "message": "ReferenceError: test_data is not defined",
                "estack": "ReferenceError: test_data is not defined\n    at Context.eval (webpack://cypress/./cypress/e2e/Project/Code Optimaztion/Testing Registration functinalty.cy.js:240:15)",
                "diff": null
              },
              "uuid": "fb8149ee-37fa-4caa-ada1-0854777827fb",
              "parentUUID": "0f0c8c6e-e367-46c6-9087-304d60ca9ed9",
              "isHook": false,
              "skipped": false
            },
            {
              "title": "Verify that the Link with name login is persent on registration and redirect to login page",
              "fullTitle": "Testing Registration functinalty Verify that the Link with name login is persent on registration and redirect to login page",
              "timedOut": null,
              "duration": 1396,
              "state": "passed",
              "speed": "fast",
              "pass": true,
              "fail": false,
              "pending": false,
              "context": "{\n  \"title\": \"cypress-mochawesome-reporter-videos-passed\",\n  \"value\": \"cypress\\\\e2e\\\\Project\\\\Code Optimaztion\\\\Testing Registration functinalty.cy.js\"\n}",
              "code": "// visit web site\ncy.visit(\"https://end-to-end-v1.onrender.com/registration/\");\n// select and intract with element\ncy.xpath(\"//a[@class='account']\").should(\"have.text\", \"Login\");\ncy.xpath(\"//a[@class='account']\").click();\n// 4. assertion\ncy.url().should(\"eq\", \"https://end-to-end-v1.onrender.com/\");",
              "err": {},
              "uuid": "765b966b-1a1e-4696-8cf7-8432f37e64b7",
              "parentUUID": "0f0c8c6e-e367-46c6-9087-304d60ca9ed9",
              "isHook": false,
              "skipped": false
            }
          ],
          "suites": [],
          "passes": [
            "765b966b-1a1e-4696-8cf7-8432f37e64b7"
          ],
          "failures": [
            "a93d82fc-1a02-45b9-9887-b7a5c691bae9",
            "106778ef-e88f-47a9-abc1-e212bb57fa10",
            "c0f825b6-5372-493f-82b2-a232fd30be1b",
            "8e6bb8fd-380a-4f56-b97e-55dafe48184a",
            "f62946ce-12f0-4266-ae6d-e0246f0e19e1",
            "ec16a463-a24c-43dd-86d5-aac51db1d427",
            "59a3429f-d163-4ad6-acd0-029651110efc",
            "83c9a36e-e1a8-4960-9879-1e98767b25c6",
            "fb8149ee-37fa-4caa-ada1-0854777827fb"
          ],
          "pending": [],
          "skipped": [],
          "duration": 7733,
          "root": false,
          "rootEmpty": false,
          "_timeout": 2000
        }
      ],
      "passes": [],
      "failures": [],
      "pending": [],
      "skipped": [],
      "duration": 0,
      "root": true,
      "rootEmpty": true,
      "_timeout": 2000
    }
  ],
  "meta": {
    "mocha": {
      "version": "7.0.1"
    },
    "mochawesome": {
      "options": {
        "quiet": false,
        "reportFilename": "mochawesome",
        "saveHtml": false,
        "saveJson": true,
        "consoleReporter": "spec",
        "useInlineDiffs": false,
        "code": true
      },
      "version": "7.1.3"
    },
    "marge": {
      "options": {
        "overwrite": false,
        "html": false,
        "json": true,
        "reportDir": "cypress\\reports\\html\\.jsons"
      },
      "version": "6.2.0"
    }
  }
}