{
  "stats": {
    "suites": 1,
    "tests": 5,
    "passes": 5,
    "pending": 0,
    "failures": 0,
    "start": "2024-02-04T14:03:26.236Z",
    "end": "2024-02-04T14:03:41.084Z",
    "duration": 14848,
    "testsRegistered": 5,
    "passPercent": 100,
    "pendingPercent": 0,
    "other": 0,
    "hasOther": false,
    "skipped": 0,
    "hasSkipped": false
  },
  "results": [
    {
      "uuid": "ac25a6c4-2200-4162-bc97-4b1d12adf0d2",
      "title": "",
      "fullFile": "cypress\\e2e\\Chapter 4\\Text Box Tests.cy.js",
      "file": "cypress\\e2e\\Chapter 4\\Text Box Tests.cy.js",
      "beforeHooks": [],
      "afterHooks": [],
      "tests": [],
      "suites": [
        {
          "uuid": "34e6b673-fcaf-4e8b-8798-a0d92a1d92f5",
          "title": "Text Box Tests",
          "fullFile": "",
          "file": "",
          "beforeHooks": [],
          "afterHooks": [],
          "tests": [
            {
              "title": "should enter text into a text input field",
              "fullTitle": "Text Box Tests should enter text into a text input field",
              "timedOut": null,
              "duration": 5651,
              "state": "passed",
              "speed": "medium",
              "pass": true,
              "fail": false,
              "pending": false,
              "context": "{\n  \"title\": \"cypress-mochawesome-reporter-videos-passed\",\n  \"value\": \"cypress\\\\e2e\\\\Chapter 4\\\\Text Box Tests.cy.js\"\n}",
              "code": "cy.visit(\"https://html-element-for-testing.onrender.com/Text_Box.html\");\ncy.get('#first_name').type('example name');\ncy.get('#first_name').should('have.value', 'example name');",
              "err": {},
              "uuid": "74637297-9c42-4cdd-9601-454e4c6e0f76",
              "parentUUID": "34e6b673-fcaf-4e8b-8798-a0d92a1d92f5",
              "isHook": false,
              "skipped": false
            },
            {
              "title": "should enter an email into an email input field",
              "fullTitle": "Text Box Tests should enter an email into an email input field",
              "timedOut": null,
              "duration": 1368,
              "state": "passed",
              "speed": "fast",
              "pass": true,
              "fail": false,
              "pending": false,
              "context": "{\n  \"title\": \"cypress-mochawesome-reporter-videos-passed\",\n  \"value\": \"cypress\\\\e2e\\\\Chapter 4\\\\Text Box Tests.cy.js\"\n}",
              "code": "cy.visit(\"https://html-element-for-testing.onrender.com/Text_Box.html\");\ncy.get('#email').type('example@example.com');\ncy.get('#email').should('have.value', 'example@example.com');",
              "err": {},
              "uuid": "7a24e31d-6272-4994-8dca-4c38845c0217",
              "parentUUID": "34e6b673-fcaf-4e8b-8798-a0d92a1d92f5",
              "isHook": false,
              "skipped": false
            },
            {
              "title": "should enter a password into a password input field",
              "fullTitle": "Text Box Tests should enter a password into a password input field",
              "timedOut": null,
              "duration": 1570,
              "state": "passed",
              "speed": "fast",
              "pass": true,
              "fail": false,
              "pending": false,
              "context": "{\n  \"title\": \"cypress-mochawesome-reporter-videos-passed\",\n  \"value\": \"cypress\\\\e2e\\\\Chapter 4\\\\Text Box Tests.cy.js\"\n}",
              "code": "cy.visit(\"https://html-element-for-testing.onrender.com/Text_Box.html\");\ncy.get('#password').type('secretpassword');\ncy.get('#password').should('have.value', 'secretpassword');",
              "err": {},
              "uuid": "04ef59de-dceb-4eee-925e-2b59986eec19",
              "parentUUID": "34e6b673-fcaf-4e8b-8798-a0d92a1d92f5",
              "isHook": false,
              "skipped": false
            },
            {
              "title": "should enter a number into a number input field",
              "fullTitle": "Text Box Tests should enter a number into a number input field",
              "timedOut": null,
              "duration": 698,
              "state": "passed",
              "speed": "fast",
              "pass": true,
              "fail": false,
              "pending": false,
              "context": "{\n  \"title\": \"cypress-mochawesome-reporter-videos-passed\",\n  \"value\": \"cypress\\\\e2e\\\\Chapter 4\\\\Text Box Tests.cy.js\"\n}",
              "code": "cy.visit(\"https://html-element-for-testing.onrender.com/Text_Box.html\");\ncy.get('#age').type('42');\ncy.get('#age').should('have.value', '42');",
              "err": {},
              "uuid": "89fb5157-f30c-4278-8985-f66bff1d8a43",
              "parentUUID": "34e6b673-fcaf-4e8b-8798-a0d92a1d92f5",
              "isHook": false,
              "skipped": false
            },
            {
              "title": "should enter text into a textarea",
              "fullTitle": "Text Box Tests should enter text into a textarea",
              "timedOut": null,
              "duration": 2670,
              "state": "passed",
              "speed": "fast",
              "pass": true,
              "fail": false,
              "pending": false,
              "context": "{\n  \"title\": \"cypress-mochawesome-reporter-videos-passed\",\n  \"value\": \"cypress\\\\e2e\\\\Chapter 4\\\\Text Box Tests.cy.js\"\n}",
              "code": "cy.visit(\"https://html-element-for-testing.onrender.com/Text_Box.html\");\ncy.get('#Address').type('This is a textarea.');\ncy.get('#Address').should('have.value', 'This is a textarea.');",
              "err": {},
              "uuid": "905c3b5a-6ff6-4948-b133-df95e41e503a",
              "parentUUID": "34e6b673-fcaf-4e8b-8798-a0d92a1d92f5",
              "isHook": false,
              "skipped": false
            }
          ],
          "suites": [],
          "passes": [
            "74637297-9c42-4cdd-9601-454e4c6e0f76",
            "7a24e31d-6272-4994-8dca-4c38845c0217",
            "04ef59de-dceb-4eee-925e-2b59986eec19",
            "89fb5157-f30c-4278-8985-f66bff1d8a43",
            "905c3b5a-6ff6-4948-b133-df95e41e503a"
          ],
          "failures": [],
          "pending": [],
          "skipped": [],
          "duration": 11957,
          "root": false,
          "rootEmpty": false,
          "_timeout": 2000
        }
      ],
      "passes": [],
      "failures": [],
      "pending": [],
      "skipped": [],
      "duration": 0,
      "root": true,
      "rootEmpty": true,
      "_timeout": 2000
    }
  ],
  "meta": {
    "mocha": {
      "version": "7.0.1"
    },
    "mochawesome": {
      "options": {
        "quiet": false,
        "reportFilename": "mochawesome",
        "saveHtml": false,
        "saveJson": true,
        "consoleReporter": "spec",
        "useInlineDiffs": false,
        "code": true
      },
      "version": "7.1.3"
    },
    "marge": {
      "options": {
        "overwrite": false,
        "html": false,
        "json": true,
        "reportDir": "cypress\\reports\\html\\.jsons"
      },
      "version": "6.2.0"
    }
  }
}