{
  "stats": {
    "suites": 1,
    "tests": 2,
    "passes": 1,
    "pending": 0,
    "failures": 1,
    "start": "2024-02-04T14:07:25.693Z",
    "end": "2024-02-04T14:07:29.851Z",
    "duration": 4158,
    "testsRegistered": 2,
    "passPercent": 50,
    "pendingPercent": 0,
    "other": 0,
    "hasOther": false,
    "skipped": 0,
    "hasSkipped": false
  },
  "results": [
    {
      "uuid": "a6482dcf-3239-48ca-b750-1a4575618191",
      "title": "",
      "fullFile": "cypress\\e2e\\Chapter 3\\visit_websit.cy.js",
      "file": "cypress\\e2e\\Chapter 3\\visit_websit.cy.js",
      "beforeHooks": [],
      "afterHooks": [],
      "tests": [],
      "suites": [
        {
          "uuid": "4ca57552-659f-4fdd-b6e9-61a43eb7f7bb",
          "title": "visit_command",
          "fullFile": "",
          "file": "",
          "beforeHooks": [],
          "afterHooks": [],
          "tests": [
            {
              "title": "Changeing BaseURL While Testing",
              "fullTitle": "visit_command Changeing BaseURL While Testing",
              "timedOut": null,
              "duration": 1051,
              "state": "failed",
              "speed": null,
              "pass": false,
              "fail": true,
              "pending": false,
              "context": "[\n  {\n    \"title\": \"cypress-mochawesome-reporter-videos-failed\",\n    \"value\": \"cypress\\\\e2e\\\\Chapter 3\\\\visit_websit.cy.js\"\n  },\n  {\n    \"title\": \"cypress-mochawesome-reporter-screenshots\",\n    \"value\": [\n      [\n        \"\\\\Chapter 3\\\\visit_websit.cy.js\\\\visit_command -- Changeing BaseURL While Testing (failed) (3).png\"\n      ]\n    ]\n  }\n]",
              "code": "cy.visit('/form.html');",
              "err": {
                "message": "CypressError: `cy.visit()` failed trying to load:\n\nhttp://127.0.0.1:5500/project1/form.html\n\nWe attempted to make an http request to this URL but the request failed without a response.\n\nWe received this error at the network level:\n\n  > Error: connect ECONNREFUSED 127.0.0.1:5500\n\nCommon situations why this would fail:\n  - you don't have internet access\n  - you forgot to run / boot your web server\n  - your web server isn't accessible\n  - you have weird network configuration settings on your computer",
                "estack": "CypressError: `cy.visit()` failed trying to load:\n\nhttp://127.0.0.1:5500/project1/form.html\n\nWe attempted to make an http request to this URL but the request failed without a response.\n\nWe received this error at the network level:\n\n  > Error: connect ECONNREFUSED 127.0.0.1:5500\n\nCommon situations why this would fail:\n  - you don't have internet access\n  - you forgot to run / boot your web server\n  - your web server isn't accessible\n  - you have weird network configuration settings on your computer\n    at <unknown> (http://localhost:58720/__cypress/runner/cypress_runner.js:130947:74)\n    at visitFailedByErr (http://localhost:58720/__cypress/runner/cypress_runner.js:130339:12)\n    at <unknown> (http://localhost:58720/__cypress/runner/cypress_runner.js:130946:11)\n    at tryCatcher (http://localhost:58720/__cypress/runner/cypress_runner.js:1807:23)\n    at Promise._settlePromiseFromHandler (http://localhost:58720/__cypress/runner/cypress_runner.js:1519:31)\n    at Promise._settlePromise (http://localhost:58720/__cypress/runner/cypress_runner.js:1576:18)\n    at Promise._settlePromise0 (http://localhost:58720/__cypress/runner/cypress_runner.js:1621:10)\n    at Promise._settlePromises (http://localhost:58720/__cypress/runner/cypress_runner.js:1697:18)\n    at _drainQueueStep (http://localhost:58720/__cypress/runner/cypress_runner.js:2407:12)\n    at _drainQueue (http://localhost:58720/__cypress/runner/cypress_runner.js:2400:9)\n    at Async._drainQueues (http://localhost:58720/__cypress/runner/cypress_runner.js:2416:5)\n    at Async.drainQueues (http://localhost:58720/__cypress/runner/cypress_runner.js:2286:14)\nFrom Your Spec Code:\n    at Context.eval (webpack://cypress/./cypress/e2e/Chapter 3/visit_websit.cy.js:25:9)\n\nFrom Node.js Internals:\n  Error: connect ECONNREFUSED 127.0.0.1:5500\n      at TCPConnectWrap.afterConnect [as oncomplete] (node:net:1494:16)",
                "diff": null
              },
              "uuid": "3eb11777-be10-4841-b6ec-54fc2e8a96c0",
              "parentUUID": "4ca57552-659f-4fdd-b6e9-61a43eb7f7bb",
              "isHook": false,
              "skipped": false
            },
            {
              "title": "end-to-end",
              "fullTitle": "visit_command end-to-end",
              "timedOut": null,
              "duration": 685,
              "state": "passed",
              "speed": "fast",
              "pass": true,
              "fail": false,
              "pending": false,
              "context": "{\n  \"title\": \"cypress-mochawesome-reporter-videos-passed\",\n  \"value\": \"cypress\\\\e2e\\\\Chapter 3\\\\visit_websit.cy.js\"\n}",
              "code": "cy.visit(\"https://end-to-end-v1.onrender.com/\");",
              "err": {},
              "uuid": "6e096b38-1f5a-42a5-96fe-96987325e6bc",
              "parentUUID": "4ca57552-659f-4fdd-b6e9-61a43eb7f7bb",
              "isHook": false,
              "skipped": false
            }
          ],
          "suites": [],
          "passes": [
            "6e096b38-1f5a-42a5-96fe-96987325e6bc"
          ],
          "failures": [
            "3eb11777-be10-4841-b6ec-54fc2e8a96c0"
          ],
          "pending": [],
          "skipped": [],
          "duration": 1736,
          "root": false,
          "rootEmpty": false,
          "_timeout": 2000
        }
      ],
      "passes": [],
      "failures": [],
      "pending": [],
      "skipped": [],
      "duration": 0,
      "root": true,
      "rootEmpty": true,
      "_timeout": 2000
    }
  ],
  "meta": {
    "mocha": {
      "version": "7.0.1"
    },
    "mochawesome": {
      "options": {
        "quiet": false,
        "reportFilename": "mochawesome",
        "saveHtml": false,
        "saveJson": true,
        "consoleReporter": "spec",
        "useInlineDiffs": false,
        "code": true
      },
      "version": "7.1.3"
    },
    "marge": {
      "options": {
        "overwrite": false,
        "html": false,
        "json": true,
        "reportDir": "cypress\\reports\\html\\.jsons"
      },
      "version": "6.2.0"
    }
  }
}