{
  "stats": {
    "suites": 1,
    "tests": 1,
    "passes": 1,
    "pending": 0,
    "failures": 0,
    "start": "2024-02-04T14:09:08.696Z",
    "end": "2024-02-04T14:09:16.257Z",
    "duration": 7561,
    "testsRegistered": 1,
    "passPercent": 100,
    "pendingPercent": 0,
    "other": 0,
    "hasOther": false,
    "skipped": 0,
    "hasSkipped": false
  },
  "results": [
    {
      "uuid": "dde47aa6-df59-4291-80ee-b61a21f6ed06",
      "title": "",
      "fullFile": "cypress\\e2e\\Project\\Normial Approch\\Logout Functionality.cy.js",
      "file": "cypress\\e2e\\Project\\Normial Approch\\Logout Functionality.cy.js",
      "beforeHooks": [],
      "afterHooks": [],
      "tests": [],
      "suites": [
        {
          "uuid": "73f243b1-1a30-4c6d-aa49-e675fcedc5da",
          "title": "Logout Functionality",
          "fullFile": "",
          "file": "",
          "beforeHooks": [],
          "afterHooks": [],
          "tests": [
            {
              "title": "Verify that the system successfully  logout",
              "fullTitle": "Logout Functionality Verify that the system successfully  logout",
              "timedOut": null,
              "duration": 5691,
              "state": "passed",
              "speed": "medium",
              "pass": true,
              "fail": false,
              "pending": false,
              "context": "{\n  \"title\": \"cypress-mochawesome-reporter-videos-passed\",\n  \"value\": \"cypress\\\\e2e\\\\Project\\\\Normial Approch\\\\Logout Functionality.cy.js\"\n}",
              "code": "//1. visit\ncy.visit('https://end-to-end-v1.onrender.com/');\n// 2. select element and 3. intract with element\ncy.get('#username').type('testuserq');\ncy.get('#password').type('test');\ncy.get('button').click();\n// 4. Assertion \ncy.url().should('eq', 'https://end-to-end-v1.onrender.com/home/');\n// logout from system \ncy.xpath(\"//a[normalize-space()='Log out']\").click();\n// 4. Assertion \ncy.url().should('eq', 'https://end-to-end-v1.onrender.com/');",
              "err": {},
              "uuid": "64ae3c44-e8f0-44ef-9949-87dd3025de64",
              "parentUUID": "73f243b1-1a30-4c6d-aa49-e675fcedc5da",
              "isHook": false,
              "skipped": false
            }
          ],
          "suites": [],
          "passes": [
            "64ae3c44-e8f0-44ef-9949-87dd3025de64"
          ],
          "failures": [],
          "pending": [],
          "skipped": [],
          "duration": 5691,
          "root": false,
          "rootEmpty": false,
          "_timeout": 2000
        }
      ],
      "passes": [],
      "failures": [],
      "pending": [],
      "skipped": [],
      "duration": 0,
      "root": true,
      "rootEmpty": true,
      "_timeout": 2000
    }
  ],
  "meta": {
    "mocha": {
      "version": "7.0.1"
    },
    "mochawesome": {
      "options": {
        "quiet": false,
        "reportFilename": "mochawesome",
        "saveHtml": false,
        "saveJson": true,
        "consoleReporter": "spec",
        "useInlineDiffs": false,
        "code": true
      },
      "version": "7.1.3"
    },
    "marge": {
      "options": {
        "overwrite": false,
        "html": false,
        "json": true,
        "reportDir": "cypress\\reports\\html\\.jsons"
      },
      "version": "6.2.0"
    }
  }
}