{
  "stats": {
    "suites": 1,
    "tests": 1,
    "passes": 1,
    "pending": 0,
    "failures": 0,
    "start": "2024-02-04T14:01:34.598Z",
    "end": "2024-02-04T14:01:34.681Z",
    "duration": 83,
    "testsRegistered": 1,
    "passPercent": 100,
    "pendingPercent": 0,
    "other": 0,
    "hasOther": false,
    "skipped": 0,
    "hasSkipped": false
  },
  "results": [
    {
      "uuid": "56a2c981-4fe7-4037-a063-f4715d97eac5",
      "title": "",
      "fullFile": "cypress\\e2e\\Chapter 1\\first_test_code.cy.js",
      "file": "cypress\\e2e\\Chapter 1\\first_test_code.cy.js",
      "beforeHooks": [],
      "afterHooks": [],
      "tests": [],
      "suites": [
        {
          "uuid": "70245a0b-ffbe-4132-99d7-3aeb9d99a88a",
          "title": "Test Suite name",
          "fullFile": "",
          "file": "",
          "beforeHooks": [],
          "afterHooks": [],
          "tests": [
            {
              "title": "Test case Name",
              "fullTitle": "Test Suite name Test case Name",
              "timedOut": null,
              "duration": 36,
              "state": "passed",
              "speed": "fast",
              "pass": true,
              "fail": false,
              "pending": false,
              "context": "{\n  \"title\": \"cypress-mochawesome-reporter-videos-passed\",\n  \"value\": \"cypress\\\\e2e\\\\Chapter 1\\\\first_test_code.cy.js\"\n}",
              "code": "// Testp Steps\n// 1. Visiting page\n// 2. selecting (find) search box\n// 3. intracting with element for type on search box\n// 4. assertion.",
              "err": {},
              "uuid": "707d3c93-d9c9-488f-bfaa-cbdb55df0551",
              "parentUUID": "70245a0b-ffbe-4132-99d7-3aeb9d99a88a",
              "isHook": false,
              "skipped": false
            }
          ],
          "suites": [],
          "passes": [
            "707d3c93-d9c9-488f-bfaa-cbdb55df0551"
          ],
          "failures": [],
          "pending": [],
          "skipped": [],
          "duration": 36,
          "root": false,
          "rootEmpty": false,
          "_timeout": 2000
        }
      ],
      "passes": [],
      "failures": [],
      "pending": [],
      "skipped": [],
      "duration": 0,
      "root": true,
      "rootEmpty": true,
      "_timeout": 2000
    }
  ],
  "meta": {
    "mocha": {
      "version": "7.0.1"
    },
    "mochawesome": {
      "options": {
        "quiet": false,
        "reportFilename": "mochawesome",
        "saveHtml": false,
        "saveJson": true,
        "consoleReporter": "spec",
        "useInlineDiffs": false,
        "code": true
      },
      "version": "7.1.3"
    },
    "marge": {
      "options": {
        "overwrite": false,
        "html": false,
        "json": true,
        "reportDir": "cypress\\reports\\html\\.jsons"
      },
      "version": "6.2.0"
    }
  }
}