{
  "stats": {
    "suites": 1,
    "tests": 4,
    "passes": 1,
    "pending": 0,
    "failures": 3,
    "start": "2024-02-04T14:04:30.219Z",
    "end": "2024-02-04T14:05:02.707Z",
    "duration": 32488,
    "testsRegistered": 4,
    "passPercent": 25,
    "pendingPercent": 0,
    "other": 0,
    "hasOther": false,
    "skipped": 0,
    "hasSkipped": false
  },
  "results": [
    {
      "uuid": "ea1b2a15-fce0-403b-8c93-b361a15e8d77",
      "title": "",
      "fullFile": "cypress\\e2e\\Chapter5\\CypressHooksConcept.cy.js",
      "file": "cypress\\e2e\\Chapter5\\CypressHooksConcept.cy.js",
      "beforeHooks": [],
      "afterHooks": [],
      "tests": [],
      "suites": [
        {
          "uuid": "b540c637-ce26-48d4-a40f-452e68d6d41b",
          "title": "this is hook ",
          "fullFile": "",
          "file": "",
          "beforeHooks": [],
          "afterHooks": [],
          "tests": [
            {
              "title": "Verify that a user can successfully log in with valid credentials.",
              "fullTitle": "this is hook  Verify that a user can successfully log in with valid credentials.",
              "timedOut": null,
              "duration": 5931,
              "state": "passed",
              "speed": "medium",
              "pass": true,
              "fail": false,
              "pending": false,
              "context": "{\n  \"title\": \"cypress-mochawesome-reporter-videos-passed\",\n  \"value\": \"cypress\\\\e2e\\\\Chapter5\\\\CypressHooksConcept.cy.js\"\n}",
              "code": "cy.xpath(\"//input[@id='username']\").type(\"testuserq\");\ncy.xpath(\"//input[@id='password']\").type(\"test\");\ncy.xpath(\"//button[@type='submit']\").click();\ncy.url().should(\"eq\", \"https://end-to-end-v1.onrender.com/home/\");\ncy.get(\"h2\").should(\"exist\");\ncy.get(\"h2\").should(\"be.visible\");\ncy.get(\"h2\").should(\"have.text\", \"Registered Users\");\ncy.get(\"h2\").should(\"exist\").and(\"be.visible\").and(\"have.text\", \"Registered Users\");",
              "err": {},
              "uuid": "5d56be43-1cbc-4b69-b07c-93cfb036de28",
              "parentUUID": "b540c637-ce26-48d4-a40f-452e68d6d41b",
              "isHook": false,
              "skipped": false
            },
            {
              "title": "Verify that the system behaber with an invalid username and valid password.",
              "fullTitle": "this is hook  Verify that the system behaber with an invalid username and valid password.",
              "timedOut": null,
              "duration": 7752,
              "state": "failed",
              "speed": null,
              "pass": false,
              "fail": true,
              "pending": false,
              "context": "[\n  {\n    \"title\": \"cypress-mochawesome-reporter-videos-failed\",\n    \"value\": \"cypress\\\\e2e\\\\Chapter5\\\\CypressHooksConcept.cy.js\"\n  },\n  {\n    \"title\": \"cypress-mochawesome-reporter-screenshots\",\n    \"value\": [\n      [\n        \"\\\\Chapter5\\\\CypressHooksConcept.cy.js\\\\this is hook -- Verify that the system behaber with an invalid username and valid password (failed) (3).png\"\n      ]\n    ]\n  }\n]",
              "code": "cy.xpath(\"//input[@id='username']\").type(\"username\");\ncy.xpath(\"//input[@id='password']\").type(\"test\");\ncy.xpath(\"//button[@type='submit']\").click(); // using xpath\ncy.url().should(\"eq\", \"https://end-to-end-v1.onrender.com/home/\");\ncy.get(\"h2\").should(\"exist\");\ncy.get(\"h2\").should(\"be.visible\");\ncy.get(\"h2\").should(\"have.text\", \"Registered Users\");\ncy.get(\"h2\").should(\"exist\").and(\"be.visible\").and(\"have.text\", \"Registered Users\");",
              "err": {
                "message": "AssertionError: Timed out retrying after 4000ms: expected 'https://end-to-end-v1.onrender.com/' to equal 'https://end-to-end-v1.onrender.com/home/'",
                "estack": "AssertionError: Timed out retrying after 4000ms: expected 'https://end-to-end-v1.onrender.com/' to equal 'https://end-to-end-v1.onrender.com/home/'\n    at Context.eval (webpack://cypress/./cypress/e2e/Chapter5/CypressHooksConcept.cy.js:26:13)",
                "diff": "- 'https://end-to-end-v1.onrender.com/'\n+ 'https://end-to-end-v1.onrender.com/home/'\n"
              },
              "uuid": "e006ab48-fd5b-4e96-9ca9-d45a30f6aa84",
              "parentUUID": "b540c637-ce26-48d4-a40f-452e68d6d41b",
              "isHook": false,
              "skipped": false
            },
            {
              "title": "Verify that the system handles invalid login credentials with an invalid password.",
              "fullTitle": "this is hook  Verify that the system handles invalid login credentials with an invalid password.",
              "timedOut": null,
              "duration": 8273,
              "state": "failed",
              "speed": null,
              "pass": false,
              "fail": true,
              "pending": false,
              "context": "[\n  {\n    \"title\": \"cypress-mochawesome-reporter-videos-failed\",\n    \"value\": \"cypress\\\\e2e\\\\Chapter5\\\\CypressHooksConcept.cy.js\"\n  },\n  {\n    \"title\": \"cypress-mochawesome-reporter-screenshots\",\n    \"value\": [\n      [\n        \"\\\\Chapter5\\\\CypressHooksConcept.cy.js\\\\this is hook -- Verify that the system handles invalid login credentials with an invalid password (failed) (3).png\"\n      ]\n    ]\n  }\n]",
              "code": "cy.xpath(\"//input[@id='username']\").type(\"test\");\ncy.xpath(\"//input[@id='password']\").type(\"password\");\ncy.xpath(\"//button[@type='submit']\").click(); // using xpath\ncy.url().should(\"eq\", \"https://end-to-end-v1.onrender.com/home/\");\ncy.get(\"h2\").should(\"exist\");\ncy.get(\"h2\").should(\"be.visible\");\ncy.get(\"h2\").should(\"have.text\", \"Registered Users\");\ncy.get(\"h2\").should(\"exist\").and(\"be.visible\").and(\"have.text\", \"Registered Users\");",
              "err": {
                "message": "AssertionError: Timed out retrying after 4000ms: expected 'https://end-to-end-v1.onrender.com/' to equal 'https://end-to-end-v1.onrender.com/home/'",
                "estack": "AssertionError: Timed out retrying after 4000ms: expected 'https://end-to-end-v1.onrender.com/' to equal 'https://end-to-end-v1.onrender.com/home/'\n    at Context.eval (webpack://cypress/./cypress/e2e/Chapter5/CypressHooksConcept.cy.js:42:13)",
                "diff": "- 'https://end-to-end-v1.onrender.com/'\n+ 'https://end-to-end-v1.onrender.com/home/'\n"
              },
              "uuid": "0340ee1f-9c3c-48cd-ab6b-f323a872d280",
              "parentUUID": "b540c637-ce26-48d4-a40f-452e68d6d41b",
              "isHook": false,
              "skipped": false
            },
            {
              "title": "Verify that the system handles invalid login credentials with both an invalid username and an invalid password.",
              "fullTitle": "this is hook  Verify that the system handles invalid login credentials with both an invalid username and an invalid password.",
              "timedOut": null,
              "duration": 8121,
              "state": "failed",
              "speed": null,
              "pass": false,
              "fail": true,
              "pending": false,
              "context": "[\n  {\n    \"title\": \"cypress-mochawesome-reporter-videos-failed\",\n    \"value\": \"cypress\\\\e2e\\\\Chapter5\\\\CypressHooksConcept.cy.js\"\n  },\n  {\n    \"title\": \"cypress-mochawesome-reporter-screenshots\",\n    \"value\": [\n      [\n        \"\\\\Chapter5\\\\CypressHooksConcept.cy.js\\\\this is hook -- Verify that the system handles invalid login credentials with both an invalid username and an invalid password (failed) (3).png\"\n      ]\n    ]\n  }\n]",
              "code": "cy.xpath(\"//input[@id='username']\").type(\"username\");\ncy.xpath(\"//input[@id='password']\").type(\"passowrd\");\ncy.xpath(\"//button[@type='submit']\").click(); // using xpath\ncy.url().should(\"eq\", \"https://end-to-end-v1.onrender.com/home/\");\ncy.get(\"h2\").should(\"exist\");\ncy.get(\"h2\").should(\"be.visible\");\ncy.get(\"h2\").should(\"have.text\", \"Registered Users\");\ncy.get(\"h2\").should(\"exist\").and(\"be.visible\").and(\"have.text\", \"Registered Users\");",
              "err": {
                "message": "AssertionError: Timed out retrying after 4000ms: expected 'https://end-to-end-v1.onrender.com/' to equal 'https://end-to-end-v1.onrender.com/home/'",
                "estack": "AssertionError: Timed out retrying after 4000ms: expected 'https://end-to-end-v1.onrender.com/' to equal 'https://end-to-end-v1.onrender.com/home/'\n    at Context.eval (webpack://cypress/./cypress/e2e/Chapter5/CypressHooksConcept.cy.js:58:13)",
                "diff": "- 'https://end-to-end-v1.onrender.com/'\n+ 'https://end-to-end-v1.onrender.com/home/'\n"
              },
              "uuid": "cafe471b-99b0-4571-adb2-b260f656f6a3",
              "parentUUID": "b540c637-ce26-48d4-a40f-452e68d6d41b",
              "isHook": false,
              "skipped": false
            }
          ],
          "suites": [],
          "passes": [
            "5d56be43-1cbc-4b69-b07c-93cfb036de28"
          ],
          "failures": [
            "e006ab48-fd5b-4e96-9ca9-d45a30f6aa84",
            "0340ee1f-9c3c-48cd-ab6b-f323a872d280",
            "cafe471b-99b0-4571-adb2-b260f656f6a3"
          ],
          "pending": [],
          "skipped": [],
          "duration": 30077,
          "root": false,
          "rootEmpty": false,
          "_timeout": 2000
        }
      ],
      "passes": [],
      "failures": [],
      "pending": [],
      "skipped": [],
      "duration": 0,
      "root": true,
      "rootEmpty": true,
      "_timeout": 2000
    }
  ],
  "meta": {
    "mocha": {
      "version": "7.0.1"
    },
    "mochawesome": {
      "options": {
        "quiet": false,
        "reportFilename": "mochawesome",
        "saveHtml": false,
        "saveJson": true,
        "consoleReporter": "spec",
        "useInlineDiffs": false,
        "code": true
      },
      "version": "7.1.3"
    },
    "marge": {
      "options": {
        "overwrite": false,
        "html": false,
        "json": true,
        "reportDir": "cypress\\reports\\html\\.jsons"
      },
      "version": "6.2.0"
    }
  }
}