{
  "stats": {
    "suites": 1,
    "tests": 1,
    "passes": 0,
    "pending": 0,
    "failures": 1,
    "start": "2024-02-04T14:02:08.399Z",
    "end": "2024-02-04T14:02:09.498Z",
    "duration": 1099,
    "testsRegistered": 1,
    "passPercent": 0,
    "pendingPercent": 0,
    "other": 0,
    "hasOther": false,
    "skipped": 0,
    "hasSkipped": false
  },
  "results": [
    {
      "uuid": "e9828d48-4a78-4b3d-89b6-3ff889872658",
      "title": "",
      "fullFile": "cypress\\e2e\\Chapter 4\\drop down.cy.js",
      "file": "cypress\\e2e\\Chapter 4\\drop down.cy.js",
      "beforeHooks": [],
      "afterHooks": [],
      "tests": [],
      "suites": [
        {
          "uuid": "62e3a46b-5b27-40c5-b9d0-d778fccacb2d",
          "title": "",
          "fullFile": "",
          "file": "",
          "beforeHooks": [],
          "afterHooks": [],
          "tests": [
            {
              "title": "static dropdown ",
              "fullTitle": " static dropdown ",
              "timedOut": null,
              "duration": 964,
              "state": "failed",
              "speed": null,
              "pass": false,
              "fail": true,
              "pending": false,
              "context": "[\n  {\n    \"title\": \"cypress-mochawesome-reporter-videos-failed\",\n    \"value\": \"cypress\\\\e2e\\\\Chapter 4\\\\drop down.cy.js\"\n  },\n  {\n    \"title\": \"cypress-mochawesome-reporter-screenshots\",\n    \"value\": [\n      [\n        \"\\\\Chapter 4\\\\drop down.cy.js\\\\static dropdown (failed) (3).png\"\n      ]\n    ]\n  }\n]",
              "code": "// launch URL\ncy.visit(\"http://127.0.0.1:5500/project1/form.html\");\n// locate select element \ncy.get('#CountryS').select('Ethiopia').then($sel => {\n  const val = $sel.val();\n  expect('Ethiopia').to.eq(val);\n});",
              "err": {
                "message": "CypressError: `cy.visit()` failed trying to load:\n\nhttp://127.0.0.1:5500/project1/form.html\n\nWe attempted to make an http request to this URL but the request failed without a response.\n\nWe received this error at the network level:\n\n  > Error: connect ECONNREFUSED 127.0.0.1:5500\n\nCommon situations why this would fail:\n  - you don't have internet access\n  - you forgot to run / boot your web server\n  - your web server isn't accessible\n  - you have weird network configuration settings on your computer",
                "estack": "CypressError: `cy.visit()` failed trying to load:\n\nhttp://127.0.0.1:5500/project1/form.html\n\nWe attempted to make an http request to this URL but the request failed without a response.\n\nWe received this error at the network level:\n\n  > Error: connect ECONNREFUSED 127.0.0.1:5500\n\nCommon situations why this would fail:\n  - you don't have internet access\n  - you forgot to run / boot your web server\n  - your web server isn't accessible\n  - you have weird network configuration settings on your computer\n    at <unknown> (http://localhost:58720/__cypress/runner/cypress_runner.js:130947:74)\n    at visitFailedByErr (http://localhost:58720/__cypress/runner/cypress_runner.js:130339:12)\n    at <unknown> (http://localhost:58720/__cypress/runner/cypress_runner.js:130946:11)\n    at tryCatcher (http://localhost:58720/__cypress/runner/cypress_runner.js:1807:23)\n    at Promise._settlePromiseFromHandler (http://localhost:58720/__cypress/runner/cypress_runner.js:1519:31)\n    at Promise._settlePromise (http://localhost:58720/__cypress/runner/cypress_runner.js:1576:18)\n    at Promise._settlePromise0 (http://localhost:58720/__cypress/runner/cypress_runner.js:1621:10)\n    at Promise._settlePromises (http://localhost:58720/__cypress/runner/cypress_runner.js:1697:18)\n    at _drainQueueStep (http://localhost:58720/__cypress/runner/cypress_runner.js:2407:12)\n    at _drainQueue (http://localhost:58720/__cypress/runner/cypress_runner.js:2400:9)\n    at Async._drainQueues (http://localhost:58720/__cypress/runner/cypress_runner.js:2416:5)\n    at Async.drainQueues (http://localhost:58720/__cypress/runner/cypress_runner.js:2286:14)\nFrom Your Spec Code:\n    at Context.eval (webpack://cypress/./cypress/e2e/Chapter 4/drop down.cy.js:5:7)\n\nFrom Node.js Internals:\n  Error: connect ECONNREFUSED 127.0.0.1:5500\n      at TCPConnectWrap.afterConnect [as oncomplete] (node:net:1494:16)",
                "diff": null
              },
              "uuid": "cdd18916-0f27-4575-b078-eff97068acc5",
              "parentUUID": "62e3a46b-5b27-40c5-b9d0-d778fccacb2d",
              "isHook": false,
              "skipped": false
            }
          ],
          "suites": [],
          "passes": [],
          "failures": [
            "cdd18916-0f27-4575-b078-eff97068acc5"
          ],
          "pending": [],
          "skipped": [],
          "duration": 964,
          "root": false,
          "rootEmpty": false,
          "_timeout": 2000
        }
      ],
      "passes": [],
      "failures": [],
      "pending": [],
      "skipped": [],
      "duration": 0,
      "root": true,
      "rootEmpty": true,
      "_timeout": 2000
    }
  ],
  "meta": {
    "mocha": {
      "version": "7.0.1"
    },
    "mochawesome": {
      "options": {
        "quiet": false,
        "reportFilename": "mochawesome",
        "saveHtml": false,
        "saveJson": true,
        "consoleReporter": "spec",
        "useInlineDiffs": false,
        "code": true
      },
      "version": "7.1.3"
    },
    "marge": {
      "options": {
        "overwrite": false,
        "html": false,
        "json": true,
        "reportDir": "cypress\\reports\\html\\.jsons"
      },
      "version": "6.2.0"
    }
  }
}