{
  "stats": {
    "suites": 1,
    "tests": 1,
    "passes": 1,
    "pending": 0,
    "failures": 0,
    "start": "2024-02-04T14:08:10.524Z",
    "end": "2024-02-04T14:08:17.780Z",
    "duration": 7256,
    "testsRegistered": 1,
    "passPercent": 100,
    "pendingPercent": 0,
    "other": 0,
    "hasOther": false,
    "skipped": 0,
    "hasSkipped": false
  },
  "results": [
    {
      "uuid": "347eae1d-2795-4b9f-9a97-63054610993f",
      "title": "",
      "fullFile": "cypress\\e2e\\Chapter 2\\log.cy.js",
      "file": "cypress\\e2e\\Chapter 2\\log.cy.js",
      "beforeHooks": [],
      "afterHooks": [],
      "tests": [],
      "suites": [
        {
          "uuid": "b091da51-7cfe-4ee4-81ef-e6aaf4883195",
          "title": "Test Suite 1",
          "fullFile": "",
          "file": "",
          "beforeHooks": [],
          "afterHooks": [],
          "tests": [
            {
              "title": "Test case 1",
              "fullTitle": "Test Suite 1 Test case 1",
              "timedOut": null,
              "duration": 3641,
              "state": "passed",
              "speed": "fast",
              "pass": true,
              "fail": false,
              "pending": false,
              "context": "{\n  \"title\": \"cypress-mochawesome-reporter-videos-passed\",\n  \"value\": \"cypress\\\\e2e\\\\Chapter 2\\\\log.cy.js\"\n}",
              "code": "cy.log(\"Test Starting\");\ncy.visit(\"https://www.google.com\");\ncy.log(cy.url());",
              "err": {},
              "uuid": "670f8989-fed8-4328-933f-76bd857689c5",
              "parentUUID": "b091da51-7cfe-4ee4-81ef-e6aaf4883195",
              "isHook": false,
              "skipped": false
            }
          ],
          "suites": [],
          "passes": [
            "670f8989-fed8-4328-933f-76bd857689c5"
          ],
          "failures": [],
          "pending": [],
          "skipped": [],
          "duration": 3641,
          "root": false,
          "rootEmpty": false,
          "_timeout": 2000
        }
      ],
      "passes": [],
      "failures": [],
      "pending": [],
      "skipped": [],
      "duration": 0,
      "root": true,
      "rootEmpty": true,
      "_timeout": 2000
    }
  ],
  "meta": {
    "mocha": {
      "version": "7.0.1"
    },
    "mochawesome": {
      "options": {
        "quiet": false,
        "reportFilename": "mochawesome",
        "saveHtml": false,
        "saveJson": true,
        "consoleReporter": "spec",
        "useInlineDiffs": false,
        "code": true
      },
      "version": "7.1.3"
    },
    "marge": {
      "options": {
        "overwrite": false,
        "html": false,
        "json": true,
        "reportDir": "cypress\\reports\\html\\.jsons"
      },
      "version": "6.2.0"
    }
  }
}